0 verbose cli /usr/local/bin/node /usr/local/bin/npm
1 info using npm@11.11.0
2 info using node@v24.14.1
3 silly config load:file:/usr/local/lib/node_modules/npm/npmrc
4 silly config load:file:/Users/lifetae2021/Desktop/keylink/.npmrc
5 silly config load:file:/Users/lifetae2021/.npmrc
6 silly config load:file:/usr/local/etc/npmrc
7 verbose title npm install
8 verbose argv "install" "--cache" "./npm_cache" "--prefer-offline"
9 verbose logfile logs-max:10 dir:/Users/lifetae2021/Desktop/keylink/npm_cache/_logs/2026-04-20T20_00_26_717Z-
10 verbose logfile /Users/lifetae2021/Desktop/keylink/npm_cache/_logs/2026-04-20T20_00_26_717Z-debug-0.log
11 silly logfile done cleaning log files
12 silly packumentCache heap:4496293888 maxSize:1124073472 maxEntrySize:562036736
13 verbose shrinkwrap failed to load node_modules/.package-lock.json out of date, updated: node_modules
14 silly idealTree buildDeps
15 silly reify moves {}
16 silly audit bulk request {
16 silly audit   '@alloc/quick-lru': [ '5.2.0' ],
16 silly audit   '@babel/code-frame': [ '7.29.0' ],
16 silly audit   '@babel/compat-data': [ '7.29.0' ],
16 silly audit   '@babel/core': [ '7.29.0' ],
16 silly audit   '@babel/generator': [ '7.29.1' ],
16 silly audit   '@babel/helper-compilation-targets': [ '7.28.6' ],
16 silly audit   '@babel/helper-globals': [ '7.28.0' ],
16 silly audit   '@babel/helper-module-imports': [ '7.28.6' ],
16 silly audit   '@babel/helper-module-transforms': [ '7.28.6' ],
16 silly audit   '@babel/helper-string-parser': [ '7.27.1' ],
16 silly audit   '@babel/helper-validator-identifier': [ '7.28.5' ],
16 silly audit   '@babel/helper-validator-option': [ '7.27.1' ],
16 silly audit   '@babel/helpers': [ '7.29.2' ],
16 silly audit   '@babel/parser': [ '7.29.2' ],
16 silly audit   '@babel/template': [ '7.28.6' ],
16 silly audit   '@babel/traverse': [ '7.29.0' ],
16 silly audit   '@babel/types': [ '7.29.0' ],
16 silly audit   '@emnapi/core': [ '1.9.2' ],
16 silly audit   '@emnapi/runtime': [ '1.9.2' ],
16 silly audit   '@emnapi/wasi-threads': [ '1.2.1' ],
16 silly audit   '@eslint-community/eslint-utils': [ '4.9.1' ],
16 silly audit   'eslint-visitor-keys': [ '3.4.3', '5.0.1', '4.2.1' ],
16 silly audit   '@eslint-community/regexpp': [ '4.12.2' ],
16 silly audit   '@eslint/config-array': [ '0.21.2' ],
16 silly audit   '@eslint/config-helpers': [ '0.4.2' ],
16 silly audit   '@eslint/core': [ '0.17.0' ],
16 silly audit   '@eslint/eslintrc': [ '3.3.5' ],
16 silly audit   '@eslint/js': [ '9.39.4' ],
16 silly audit   '@eslint/object-schema': [ '2.1.7' ],
16 silly audit   '@eslint/plugin-kit': [ '0.4.1' ],
16 silly audit   '@fastify/busboy': [ '3.2.0' ],
16 silly audit   '@firebase/ai': [ '2.11.0' ],
16 silly audit   '@firebase/analytics': [ '0.10.21' ],
16 silly audit   '@firebase/analytics-compat': [ '0.2.27' ],
16 silly audit   '@firebase/analytics-types': [ '0.8.3' ],
16 silly audit   '@firebase/app': [ '0.14.11' ],
16 silly audit   '@firebase/app-check': [ '0.11.2' ],
16 silly audit   '@firebase/app-check-compat': [ '0.4.2' ],
16 silly audit   '@firebase/app-check-interop-types': [ '0.3.3' ],
16 silly audit   '@firebase/app-check-types': [ '0.5.3' ],
16 silly audit   '@firebase/app-compat': [ '0.5.11' ],
16 silly audit   '@firebase/app-types': [ '0.9.4' ],
16 silly audit   '@firebase/auth': [ '1.13.0' ],
16 silly audit   '@firebase/auth-compat': [ '0.6.5' ],
16 silly audit   '@firebase/auth-interop-types': [ '0.2.4' ],
16 silly audit   '@firebase/auth-types': [ '0.13.0' ],
16 silly audit   '@firebase/component': [ '0.7.2' ],
16 silly audit   '@firebase/data-connect': [ '0.6.0' ],
16 silly audit   '@firebase/database': [ '1.1.2' ],
16 silly audit   '@firebase/database-compat': [ '2.1.3' ],
16 silly audit   '@firebase/database-types': [ '1.0.19' ],
16 silly audit   '@firebase/firestore': [ '4.14.0' ],
16 silly audit   '@firebase/firestore-compat': [ '0.4.8' ],
16 silly audit   '@firebase/firestore-types': [ '3.0.3' ],
16 silly audit   '@firebase/functions': [ '0.13.3' ],
16 silly audit   '@firebase/functions-compat': [ '0.4.3' ],
16 silly audit   '@firebase/functions-types': [ '0.6.3' ],
16 silly audit   '@firebase/installations': [ '0.6.21' ],
16 silly audit   '@firebase/installations-compat': [ '0.2.21' ],
16 silly audit   '@firebase/installations-types': [ '0.5.3' ],
16 silly audit   '@firebase/logger': [ '0.5.0' ],
16 silly audit   '@firebase/messaging': [ '0.12.25' ],
16 silly audit   '@firebase/messaging-compat': [ '0.2.25' ],
16 silly audit   '@firebase/messaging-interop-types': [ '0.2.3' ],
16 silly audit   '@firebase/performance': [ '0.7.11' ],
16 silly audit   '@firebase/performance-compat': [ '0.2.24' ],
16 silly audit   '@firebase/performance-types': [ '0.2.3' ],
16 silly audit   '@firebase/remote-config': [ '0.8.2' ],
16 silly audit   '@firebase/remote-config-compat': [ '0.2.23' ],
16 silly audit   '@firebase/remote-config-types': [ '0.5.0' ],
16 silly audit   '@firebase/storage': [ '0.14.2' ],
16 silly audit   '@firebase/storage-compat': [ '0.4.2' ],
16 silly audit   '@firebase/storage-types': [ '0.8.3' ],
16 silly audit   '@firebase/util': [ '1.15.0' ],
16 silly audit   '@firebase/webchannel-wrapper': [ '1.0.5' ],
16 silly audit   '@google-cloud/firestore': [ '7.11.6' ],
16 silly audit   '@google-cloud/paginator': [ '5.0.2' ],
16 silly audit   '@google-cloud/projectify': [ '4.0.0' ],
16 silly audit   '@google-cloud/promisify': [ '4.0.0' ],
16 silly audit   '@google-cloud/storage': [ '7.19.0' ],
16 silly audit   'gcp-metadata': [ '6.1.1', '8.1.2' ],
16 silly audit   'google-auth-library': [ '9.15.1', '10.6.2' ],
16 silly audit   'google-logging-utils': [ '0.0.2', '1.1.3' ],
16 silly audit   uuid: [ '8.3.2', '9.0.1', '11.1.0' ],
16 silly audit   '@grpc/grpc-js': [ '1.9.15', '1.14.3' ],
16 silly audit   '@grpc/proto-loader': [ '0.7.15', '0.8.0' ],
16 silly audit   '@humanfs/core': [ '0.19.1' ],
16 silly audit   '@humanfs/node': [ '0.16.7' ],
16 silly audit   '@humanwhocodes/module-importer': [ '1.0.1' ],
16 silly audit   '@humanwhocodes/retry': [ '0.4.3' ],
16 silly audit   '@img/colour': [ '1.1.0' ],
16 silly audit   '@img/sharp-darwin-arm64': [ '0.34.5' ],
16 silly audit   '@img/sharp-darwin-x64': [ '0.34.5' ],
16 silly audit   '@img/sharp-libvips-darwin-arm64': [ '1.2.4' ],
16 silly audit   '@img/sharp-libvips-darwin-x64': [ '1.2.4' ],
16 silly audit   '@img/sharp-libvips-linux-arm': [ '1.2.4' ],
16 silly audit   '@img/sharp-libvips-linux-arm64': [ '1.2.4' ],
16 silly audit   '@img/sharp-libvips-linux-ppc64': [ '1.2.4' ],
16 silly audit   '@img/sharp-libvips-linux-riscv64': [ '1.2.4' ],
16 silly audit   '@img/sharp-libvips-linux-s390x': [ '1.2.4' ],
16 silly audit   '@img/sharp-libvips-linux-x64': [ '1.2.4' ],
16 silly audit   '@img/sharp-libvips-linuxmusl-arm64': [ '1.2.4' ],
16 silly audit   '@img/sharp-libvips-linuxmusl-x64': [ '1.2.4' ],
16 silly audit   '@img/sharp-linux-arm': [ '0.34.5' ],
16 silly audit   '@img/sharp-linux-arm64': [ '0.34.5' ],
16 silly audit   '@img/sharp-linux-ppc64': [ '0.34.5' ],
16 silly audit   '@img/sharp-linux-riscv64': [ '0.34.5' ],
16 silly audit   '@img/sharp-linux-s390x': [ '0.34.5' ],
16 silly audit   '@img/sharp-linux-x64': [ '0.34.5' ],
16 silly audit   '@img/sharp-linuxmusl-arm64': [ '0.34.5' ],
16 silly audit   '@img/sharp-linuxmusl-x64': [ '0.34.5' ],
16 silly audit   '@img/sharp-wasm32': [ '0.34.5' ],
16 silly audit   '@img/sharp-win32-arm64': [ '0.34.5' ],
16 silly audit   '@img/sharp-win32-ia32': [ '0.34.5' ],
16 silly audit   '@img/sharp-win32-x64': [ '0.34.5' ],
16 silly audit   '@jridgewell/gen-mapping': [ '0.3.13' ],
16 silly audit   '@jridgewell/remapping': [ '2.3.5' ],
16 silly audit   '@jridgewell/resolve-uri': [ '3.1.2' ],
16 silly audit   '@jridgewell/sourcemap-codec': [ '1.5.5' ],
16 silly audit   '@jridgewell/trace-mapping': [ '0.3.31' ],
16 silly audit   '@js-sdsl/ordered-map': [ '4.4.2' ],
16 silly audit   '@napi-rs/wasm-runtime': [ '0.2.12' ],
16 silly audit   '@next/env': [ '16.2.3' ],
16 silly audit   '@next/eslint-plugin-next': [ '16.2.3' ],
16 silly audit   '@next/swc-darwin-arm64': [ '16.2.3' ],
16 silly audit   '@next/swc-darwin-x64': [ '16.2.3' ],
16 silly audit   '@next/swc-linux-arm64-gnu': [ '16.2.3' ],
16 silly audit   '@next/swc-linux-arm64-musl': [ '16.2.3' ],
16 silly audit   '@next/swc-linux-x64-gnu': [ '16.2.3' ],
16 silly audit   '@next/swc-linux-x64-musl': [ '16.2.3' ],
16 silly audit   '@next/swc-win32-arm64-msvc': [ '16.2.3' ],
16 silly audit   '@next/swc-win32-x64-msvc': [ '16.2.3' ],
16 silly audit   '@nodable/entities': [ '2.1.0' ],
16 silly audit   '@nodelib/fs.scandir': [ '2.1.5' ],
16 silly audit   '@nodelib/fs.stat': [ '2.0.5' ],
16 silly audit   '@nodelib/fs.walk': [ '1.2.8' ],
16 silly audit   '@nolyfill/is-core-module': [ '1.0.39' ],
16 silly audit   '@opentelemetry/api': [ '1.9.1' ],
16 silly audit   '@protobufjs/aspromise': [ '1.1.2' ],
16 silly audit   '@protobufjs/base64': [ '1.1.2' ],
16 silly audit   '@protobufjs/codegen': [ '2.0.4' ],
16 silly audit   '@protobufjs/eventemitter': [ '1.1.0' ],
16 silly audit   '@protobufjs/fetch': [ '1.1.0' ],
16 silly audit   '@protobufjs/float': [ '1.0.2' ],
16 silly audit   '@protobufjs/inquire': [ '1.1.0' ],
16 silly audit   '@protobufjs/path': [ '1.1.2' ],
16 silly audit   '@protobufjs/pool': [ '1.1.0' ],
16 silly audit   '@protobufjs/utf8': [ '1.1.0' ],
16 silly audit   '@reduxjs/toolkit': [ '2.11.2' ],
16 silly audit   immer: [ '11.1.4', '10.2.0' ],
16 silly audit   '@rtsao/scc': [ '1.1.0' ],
16 silly audit   '@standard-schema/spec': [ '1.1.0' ],
16 silly audit   '@standard-schema/utils': [ '0.3.0' ],
16 silly audit   '@swc/helpers': [ '0.5.15' ],
16 silly audit   '@tailwindcss/node': [ '4.2.2' ],
16 silly audit   '@tailwindcss/oxide': [ '4.2.2' ],
16 silly audit   '@tailwindcss/oxide-android-arm64': [ '4.2.2' ],
16 silly audit   '@tailwindcss/oxide-darwin-arm64': [ '4.2.2' ],
16 silly audit   '@tailwindcss/oxide-darwin-x64': [ '4.2.2' ],
16 silly audit   '@tailwindcss/oxide-freebsd-x64': [ '4.2.2' ],
16 silly audit   '@tailwindcss/oxide-linux-arm-gnueabihf': [ '4.2.2' ],
16 silly audit   '@tailwindcss/oxide-linux-arm64-gnu': [ '4.2.2' ],
16 silly audit   '@tailwindcss/oxide-linux-arm64-musl': [ '4.2.2' ],
16 silly audit   '@tailwindcss/oxide-linux-x64-gnu': [ '4.2.2' ],
16 silly audit   '@tailwindcss/oxide-linux-x64-musl': [ '4.2.2' ],
16 silly audit   '@tailwindcss/oxide-wasm32-wasi': [ '4.2.2' ],
16 silly audit   '@tailwindcss/oxide-win32-arm64-msvc': [ '4.2.2' ],
16 silly audit   '@tailwindcss/oxide-win32-x64-msvc': [ '4.2.2' ],
16 silly audit   '@tailwindcss/postcss': [ '4.2.2' ],
16 silly audit   '@tootallnate/once': [ '2.0.0' ],
16 silly audit   '@tybys/wasm-util': [ '0.10.1' ],
16 silly audit   '@types/caseless': [ '0.12.5' ],
16 silly audit   '@types/d3-array': [ '3.2.2' ],
16 silly audit   '@types/d3-color': [ '3.1.3' ],
16 silly audit   '@types/d3-ease': [ '3.0.2' ],
16 silly audit   '@types/d3-interpolate': [ '3.0.4' ],
16 silly audit   '@types/d3-path': [ '3.1.1' ],
16 silly audit   '@types/d3-scale': [ '4.0.9' ],
16 silly audit   '@types/d3-shape': [ '3.1.8' ],
16 silly audit   '@types/d3-time': [ '3.0.4' ],
16 silly audit   '@types/d3-timer': [ '3.0.2' ],
16 silly audit   '@types/estree': [ '1.0.8' ],
16 silly audit   '@types/json-schema': [ '7.0.15' ],
16 silly audit   '@types/json5': [ '0.0.29' ],
16 silly audit   '@types/jsonwebtoken': [ '9.0.10' ],
16 silly audit   '@types/long': [ '4.0.2' ],
16 silly audit   '@types/ms': [ '2.1.0' ],
16 silly audit   '@types/node': [ '20.19.39' ],
16 silly audit   '@types/react': [ '19.2.14' ],
16 silly audit   '@types/react-dom': [ '19.2.3' ],
16 silly audit   '@types/request': [ '2.48.13' ],
16 silly audit   '@types/tough-cookie': [ '4.0.5' ],
16 silly audit   '@types/use-sync-external-store': [ '0.0.6' ],
16 silly audit   '@typescript-eslint/eslint-plugin': [ '8.58.2' ],
16 silly audit   ignore: [ '7.0.5', '5.3.2' ],
16 silly audit   '@typescript-eslint/parser': [ '8.58.2' ],
16 silly audit   '@typescript-eslint/project-service': [ '8.58.2' ],
16 silly audit   '@typescript-eslint/scope-manager': [ '8.58.2' ],
16 silly audit   '@typescript-eslint/tsconfig-utils': [ '8.58.2' ],
16 silly audit   '@typescript-eslint/type-utils': [ '8.58.2' ],
16 silly audit   '@typescript-eslint/types': [ '8.58.2' ],
16 silly audit   '@typescript-eslint/typescript-estree': [ '8.58.2' ],
16 silly audit   'balanced-match': [ '4.0.4', '1.0.2' ],
16 silly audit   'brace-expansion': [ '5.0.5', '1.1.14' ],
16 silly audit   minimatch: [ '10.2.5', '3.1.5' ],
16 silly audit   semver: [ '7.7.4', '6.3.1' ],
16 silly audit   '@typescript-eslint/utils': [ '8.58.2' ],
16 silly audit   '@typescript-eslint/visitor-keys': [ '8.58.2' ],
16 silly audit   '@unrs/resolver-binding-android-arm-eabi': [ '1.11.1' ],
16 silly audit   '@unrs/resolver-binding-android-arm64': [ '1.11.1' ],
16 silly audit   '@unrs/resolver-binding-darwin-arm64': [ '1.11.1' ],
16 silly audit   '@unrs/resolver-binding-darwin-x64': [ '1.11.1' ],
16 silly audit   '@unrs/resolver-binding-freebsd-x64': [ '1.11.1' ],
16 silly audit   '@unrs/resolver-binding-linux-arm-gnueabihf': [ '1.11.1' ],
16 silly audit   '@unrs/resolver-binding-linux-arm-musleabihf': [ '1.11.1' ],
16 silly audit   '@unrs/resolver-binding-linux-arm64-gnu': [ '1.11.1' ],
16 silly audit   '@unrs/resolver-binding-linux-arm64-musl': [ '1.11.1' ],
16 silly audit   '@unrs/resolver-binding-linux-ppc64-gnu': [ '1.11.1' ],
16 silly audit   '@unrs/resolver-binding-linux-riscv64-gnu': [ '1.11.1' ],
16 silly audit   '@unrs/resolver-binding-linux-riscv64-musl': [ '1.11.1' ],
16 silly audit   '@unrs/resolver-binding-linux-s390x-gnu': [ '1.11.1' ],
16 silly audit   '@unrs/resolver-binding-linux-x64-gnu': [ '1.11.1' ],
16 silly audit   '@unrs/resolver-binding-linux-x64-musl': [ '1.11.1' ],
16 silly audit   '@unrs/resolver-binding-wasm32-wasi': [ '1.11.1' ],
16 silly audit   '@unrs/resolver-binding-win32-arm64-msvc': [ '1.11.1' ],
16 silly audit   '@unrs/resolver-binding-win32-ia32-msvc': [ '1.11.1' ],
16 silly audit   '@unrs/resolver-binding-win32-x64-msvc': [ '1.11.1' ],
16 silly audit   'abort-controller': [ '3.0.0' ],
16 silly audit   acorn: [ '8.16.0' ],
16 silly audit   'acorn-jsx': [ '5.3.2' ],
16 silly audit   'agent-base': [ '7.1.4', '6.0.2' ],
16 silly audit   ajv: [ '6.14.0' ],
16 silly audit   'ansi-regex': [ '5.0.1' ],
16 silly audit   'ansi-styles': [ '4.3.0' ],
16 silly audit   argparse: [ '2.0.1' ],
16 silly audit   'aria-query': [ '5.3.2' ],
16 silly audit   'array-buffer-byte-length': [ '1.0.2' ],
16 silly audit   'array-includes': [ '3.1.9' ],
16 silly audit   'array.prototype.findlast': [ '1.2.5' ],
16 silly audit   'array.prototype.findlastindex': [ '1.2.6' ],
16 silly audit   'array.prototype.flat': [ '1.3.3' ],
16 silly audit   'array.prototype.flatmap': [ '1.3.3' ],
16 silly audit   'array.prototype.tosorted': [ '1.1.4' ],
16 silly audit   'arraybuffer.prototype.slice': [ '1.0.4' ],
16 silly audit   arrify: [ '2.0.1' ],
16 silly audit   'ast-types-flow': [ '0.0.8' ],
16 silly audit   'async-function': [ '1.0.0' ],
16 silly audit   'async-retry': [ '1.3.3' ],
16 silly audit   asynckit: [ '0.4.0' ],
16 silly audit   'available-typed-arrays': [ '1.0.7' ],
16 silly audit   'axe-core': [ '4.11.3' ],
16 silly audit   'axobject-query': [ '4.1.0' ],
16 silly audit   'base64-js': [ '1.5.1' ],
16 silly audit   'baseline-browser-mapping': [ '2.10.19' ],
16 silly audit   'bignumber.js': [ '9.3.1' ],
16 silly audit   braces: [ '3.0.3' ],
16 silly audit   browserslist: [ '4.28.2' ],
16 silly audit   'buffer-equal-constant-time': [ '1.0.1' ],
16 silly audit   'call-bind': [ '1.0.9' ],
16 silly audit   'call-bind-apply-helpers': [ '1.0.2' ],
16 silly audit   'call-bound': [ '1.0.4' ],
16 silly audit   callsites: [ '3.1.0' ],
16 silly audit   'caniuse-lite': [ '1.0.30001788' ],
16 silly audit   chalk: [ '4.1.2' ],
16 silly audit   'client-only': [ '0.0.1' ],
16 silly audit   cliui: [ '8.0.1' ],
16 silly audit   clsx: [ '2.1.1' ],
16 silly audit   'color-convert': [ '2.0.1' ],
16 silly audit   'color-name': [ '1.1.4' ],
16 silly audit   'combined-stream': [ '1.0.8' ],
16 silly audit   'concat-map': [ '0.0.1' ],
16 silly audit   'convert-source-map': [ '2.0.0' ],
16 silly audit   'cross-spawn': [ '7.0.6' ],
16 silly audit   csstype: [ '3.2.3' ],
16 silly audit   'd3-array': [ '3.2.4' ],
16 silly audit   'd3-color': [ '3.1.0' ],
16 silly audit   'd3-ease': [ '3.0.1' ],
16 silly audit   'd3-format': [ '3.1.2' ],
16 silly audit   'd3-interpolate': [ '3.0.1' ],
16 silly audit   'd3-path': [ '3.1.0' ],
16 silly audit   'd3-scale': [ '4.0.2' ],
16 silly audit   'd3-shape': [ '3.2.0' ],
16 silly audit   'd3-time': [ '3.1.0' ],
16 silly audit   'd3-time-format': [ '4.1.0' ],
16 silly audit   'd3-timer': [ '3.0.1' ],
16 silly audit   'damerau-levenshtein': [ '1.0.8' ],
16 silly audit   'data-uri-to-buffer': [ '4.0.1' ],
16 silly audit   'data-view-buffer': [ '1.0.2' ],
16 silly audit   'data-view-byte-length': [ '1.0.2' ],
16 silly audit   'data-view-byte-offset': [ '1.0.1' ],
16 silly audit   'date-fns': [ '4.1.0' ],
16 silly audit   debug: [ '4.4.3', '3.2.7' ],
16 silly audit   'decimal.js-light': [ '2.5.1' ],
16 silly audit   'deep-is': [ '0.1.4' ],
16 silly audit   'define-data-property': [ '1.1.4' ],
16 silly audit   'define-properties': [ '1.2.1' ],
16 silly audit   'delayed-stream': [ '1.0.0' ],
16 silly audit   'detect-libc': [ '2.1.2' ],
16 silly audit   doctrine: [ '2.1.0' ],
16 silly audit   'dunder-proto': [ '1.0.1' ],
16 silly audit   duplexify: [ '4.1.3' ],
16 silly audit   'ecdsa-sig-formatter': [ '1.0.11' ],
16 silly audit   'electron-to-chromium': [ '1.5.336' ],
16 silly audit   'emoji-regex': [ '9.2.2', '8.0.0' ],
16 silly audit   'end-of-stream': [ '1.4.5' ],
16 silly audit   'enhanced-resolve': [ '5.20.1' ],
16 silly audit   'es-abstract': [ '1.24.2' ],
16 silly audit   'es-define-property': [ '1.0.1' ],
16 silly audit   'es-errors': [ '1.3.0' ],
16 silly audit   'es-iterator-helpers': [ '1.3.2' ],
16 silly audit   'es-object-atoms': [ '1.1.1' ],
16 silly audit   'es-set-tostringtag': [ '2.1.0' ],
16 silly audit   'es-shim-unscopables': [ '1.1.0' ],
16 silly audit   'es-to-primitive': [ '1.3.0' ],
16 silly audit   'es-toolkit': [ '1.45.1' ],
16 silly audit   escalade: [ '3.2.0' ],
16 silly audit   'escape-string-regexp': [ '4.0.0' ],
16 silly audit   eslint: [ '9.39.4' ],
16 silly audit   'eslint-config-next': [ '16.2.3' ],
16 silly audit   globals: [ '16.4.0', '14.0.0' ],
16 silly audit   'eslint-import-resolver-node': [ '0.3.10' ],
16 silly audit   'eslint-import-resolver-typescript': [ '3.10.1' ],
16 silly audit   'eslint-module-utils': [ '2.12.1' ],
16 silly audit   'eslint-plugin-import': [ '2.32.0' ],
16 silly audit   'eslint-plugin-jsx-a11y': [ '6.10.2' ],
16 silly audit   'eslint-plugin-react': [ '7.37.5' ],
16 silly audit   'eslint-plugin-react-hooks': [ '7.0.1' ],
16 silly audit   'eslint-scope': [ '8.4.0' ],
16 silly audit   espree: [ '10.4.0' ],
16 silly audit   esquery: [ '1.7.0' ],
16 silly audit   esrecurse: [ '4.3.0' ],
16 silly audit   estraverse: [ '5.3.0' ],
16 silly audit   esutils: [ '2.0.3' ],
16 silly audit   'event-target-shim': [ '5.0.1' ],
16 silly audit   eventemitter3: [ '5.0.4' ],
16 silly audit   extend: [ '3.0.2' ],
16 silly audit   'farmhash-modern': [ '1.1.0' ],
16 silly audit   'fast-deep-equal': [ '3.1.3' ],
16 silly audit   'fast-glob': [ '3.3.1' ],
16 silly audit   'glob-parent': [ '5.1.2', '6.0.2' ],
16 silly audit   'fast-json-stable-stringify': [ '2.1.0' ],
16 silly audit   'fast-levenshtein': [ '2.0.6' ],
16 silly audit   'fast-xml-builder': [ '1.1.5' ],
16 silly audit   'fast-xml-parser': [ '5.7.1' ],
16 silly audit   fastq: [ '1.20.1' ],
16 silly audit   'faye-websocket': [ '0.11.4' ],
16 silly audit   'fetch-blob': [ '3.2.0' ],
16 silly audit   'file-entry-cache': [ '8.0.0' ],
16 silly audit   'fill-range': [ '7.1.1' ],
16 silly audit   'find-up': [ '5.0.0' ],
16 silly audit   firebase: [ '12.12.0' ],
16 silly audit   'firebase-admin': [ '13.8.0' ],
16 silly audit   'flat-cache': [ '4.0.1' ],
16 silly audit   flatted: [ '3.4.2' ],
16 silly audit   'for-each': [ '0.3.5' ],
16 silly audit   'form-data': [ '2.5.5' ],
16 silly audit   'formdata-polyfill': [ '4.0.10' ],
16 silly audit   'framer-motion': [ '12.38.0' ],
16 silly audit   'function-bind': [ '1.1.2' ],
16 silly audit   'function.prototype.name': [ '1.1.8' ],
16 silly audit   'functional-red-black-tree': [ '1.0.1' ],
16 silly audit   'functions-have-names': [ '1.2.3' ],
16 silly audit   gaxios: [ '6.7.1', '7.1.4' ],
16 silly audit   'node-fetch': [ '3.3.2', '2.7.0' ],
16 silly audit   'generator-function': [ '2.0.1' ],
16 silly audit   gensync: [ '1.0.0-beta.2' ],
16 silly audit   'get-caller-file': [ '2.0.5' ],
16 silly audit   'get-intrinsic': [ '1.3.0' ],
16 silly audit   'get-proto': [ '1.0.1' ],
16 silly audit   'get-symbol-description': [ '1.1.0' ],
16 silly audit   'get-tsconfig': [ '4.14.0' ],
16 silly audit   globalthis: [ '1.0.4' ],
16 silly audit   goober: [ '2.1.18' ],
16 silly audit   'google-gax': [ '4.6.1' ],
16 silly audit   gopd: [ '1.2.0' ],
16 silly audit   'graceful-fs': [ '4.2.11' ],
16 silly audit   gtoken: [ '7.1.0' ],
16 silly audit   'has-bigints': [ '1.1.0' ],
16 silly audit   'has-flag': [ '4.0.0' ],
16 silly audit   'has-property-descriptors': [ '1.0.2' ],
16 silly audit   'has-proto': [ '1.2.0' ],
16 silly audit   'has-symbols': [ '1.1.0' ],
16 silly audit   'has-tostringtag': [ '1.0.2' ],
16 silly audit   hasown: [ '2.0.2' ],
16 silly audit   'hermes-estree': [ '0.25.1' ],
16 silly audit   'hermes-parser': [ '0.25.1' ],
16 silly audit   'html-entities': [ '2.6.0' ],
16 silly audit   'http-parser-js': [ '0.5.10' ],
16 silly audit   'http-proxy-agent': [ '5.0.0' ],
16 silly audit   'https-proxy-agent': [ '7.0.6', '5.0.1' ],
16 silly audit   idb: [ '7.1.1' ],
16 silly audit   'import-fresh': [ '3.3.1' ],
16 silly audit   imurmurhash: [ '0.1.4' ],
16 silly audit   inherits: [ '2.0.4' ],
16 silly audit   'internal-slot': [ '1.1.0' ],
16 silly audit   internmap: [ '2.0.3' ],
16 silly audit   'is-array-buffer': [ '3.0.5' ],
16 silly audit   'is-async-function': [ '2.1.1' ],
16 silly audit   'is-bigint': [ '1.1.0' ],
16 silly audit   'is-boolean-object': [ '1.2.2' ],
16 silly audit   'is-bun-module': [ '2.0.0' ],
16 silly audit   'is-callable': [ '1.2.7' ],
16 silly audit   'is-core-module': [ '2.16.1' ],
16 silly audit   'is-data-view': [ '1.0.2' ],
16 silly audit   'is-date-object': [ '1.1.0' ],
16 silly audit   'is-extglob': [ '2.1.1' ],
16 silly audit   'is-finalizationregistry': [ '1.1.1' ],
16 silly audit   'is-fullwidth-code-point': [ '3.0.0' ],
16 silly audit   'is-generator-function': [ '1.1.2' ],
16 silly audit   'is-glob': [ '4.0.3' ],
16 silly audit   'is-map': [ '2.0.3' ],
16 silly audit   'is-negative-zero': [ '2.0.3' ],
16 silly audit   'is-number': [ '7.0.0' ],
16 silly audit   'is-number-object': [ '1.1.1' ],
16 silly audit   'is-regex': [ '1.2.1' ],
16 silly audit   'is-set': [ '2.0.3' ],
16 silly audit   'is-shared-array-buffer': [ '1.0.4' ],
16 silly audit   'is-stream': [ '2.0.1' ],
16 silly audit   'is-string': [ '1.1.1' ],
16 silly audit   'is-symbol': [ '1.1.1' ],
16 silly audit   'is-typed-array': [ '1.1.15' ],
16 silly audit   'is-weakmap': [ '2.0.2' ],
16 silly audit   'is-weakref': [ '1.1.1' ],
16 silly audit   'is-weakset': [ '2.0.4' ],
16 silly audit   isarray: [ '2.0.5' ],
16 silly audit   isexe: [ '2.0.0' ],
16 silly audit   'iterator.prototype': [ '1.1.5' ],
16 silly audit   jiti: [ '2.6.1' ],
16 silly audit   jose: [ '4.15.9' ],
16 silly audit   'js-tokens': [ '4.0.0' ],
16 silly audit   'js-yaml': [ '4.1.1' ],
16 silly audit   jsesc: [ '3.1.0' ],
16 silly audit   'json-bigint': [ '1.0.0' ],
16 silly audit   'json-buffer': [ '3.0.1' ],
16 silly audit   'json-schema-traverse': [ '0.4.1' ],
16 silly audit   'json-stable-stringify-without-jsonify': [ '1.0.1' ],
16 silly audit   json5: [ '2.2.3', '1.0.2' ],
16 silly audit   jsonwebtoken: [ '9.0.3' ],
16 silly audit   'jsx-ast-utils': [ '3.3.5' ],
16 silly audit   jwa: [ '2.0.1' ],
16 silly audit   'jwks-rsa': [ '3.2.2' ],
16 silly audit   jws: [ '4.0.1' ],
16 silly audit   keyv: [ '4.5.4' ],
16 silly audit   'language-subtag-registry': [ '0.3.23' ],
16 silly audit   'language-tags': [ '1.0.9' ],
16 silly audit   levn: [ '0.4.1' ],
16 silly audit   lightningcss: [ '1.32.0' ],
16 silly audit   'lightningcss-android-arm64': [ '1.32.0' ],
16 silly audit   'lightningcss-darwin-arm64': [ '1.32.0' ],
16 silly audit   'lightningcss-darwin-x64': [ '1.32.0' ],
16 silly audit   'lightningcss-freebsd-x64': [ '1.32.0' ],
16 silly audit   'lightningcss-linux-arm-gnueabihf': [ '1.32.0' ],
16 silly audit   'lightningcss-linux-arm64-gnu': [ '1.32.0' ],
16 silly audit   'lightningcss-linux-arm64-musl': [ '1.32.0' ],
16 silly audit   'lightningcss-linux-x64-gnu': [ '1.32.0' ],
16 silly audit   'lightningcss-linux-x64-musl': [ '1.32.0' ],
16 silly audit   'lightningcss-win32-arm64-msvc': [ '1.32.0' ],
16 silly audit   'lightningcss-win32-x64-msvc': [ '1.32.0' ],
16 silly audit   limiter: [ '1.1.5' ],
16 silly audit   'locate-path': [ '6.0.0' ],
16 silly audit   'lodash.camelcase': [ '4.3.0' ],
16 silly audit   'lodash.clonedeep': [ '4.5.0' ],
16 silly audit   'lodash.includes': [ '4.3.0' ],
16 silly audit   'lodash.isboolean': [ '3.0.3' ],
16 silly audit   'lodash.isinteger': [ '4.0.4' ],
16 silly audit   'lodash.isnumber': [ '3.0.3' ],
16 silly audit   'lodash.isplainobject': [ '4.0.6' ],
16 silly audit   'lodash.isstring': [ '4.0.1' ],
16 silly audit   'lodash.merge': [ '4.6.2' ],
16 silly audit   'lodash.once': [ '4.1.1' ],
16 silly audit   long: [ '5.3.2' ],
16 silly audit   'loose-envify': [ '1.4.0' ],
16 silly audit   'lru-cache': [ '5.1.1', '6.0.0' ],
16 silly audit   'lru-memoizer': [ '2.3.0' ],
16 silly audit   yallist: [ '4.0.0', '3.1.1' ],
16 silly audit   'lucide-react': [ '1.8.0' ],
16 silly audit   'magic-string': [ '0.30.21' ],
16 silly audit   'math-intrinsics': [ '1.1.0' ],
16 silly audit   merge2: [ '1.4.1' ],
16 silly audit   micromatch: [ '4.0.8' ],
16 silly audit   mime: [ '3.0.0' ],
16 silly audit   'mime-db': [ '1.52.0' ],
16 silly audit   'mime-types': [ '2.1.35' ],
16 silly audit   minimist: [ '1.2.8' ],
16 silly audit   'motion-dom': [ '12.38.0' ],
16 silly audit   'motion-utils': [ '12.36.0' ],
16 silly audit   ms: [ '2.1.3' ],
16 silly audit   nanoid: [ '3.3.11' ],
16 silly audit   'napi-postinstall': [ '0.3.4' ],
16 silly audit   'natural-compare': [ '1.4.0' ],
16 silly audit   next: [ '16.2.3' ],
16 silly audit   postcss: [ '8.4.31', '8.5.9' ],
16 silly audit   'node-domexception': [ '1.0.0' ],
16 silly audit   'node-exports-info': [ '1.6.0' ],
16 silly audit   'node-forge': [ '1.4.0' ],
16 silly audit   'node-releases': [ '2.0.37' ],
16 silly audit   'object-assign': [ '4.1.1' ],
16 silly audit   'object-hash': [ '3.0.0' ],
16 silly audit   'object-inspect': [ '1.13.4' ],
16 silly audit   'object-keys': [ '1.1.1' ],
16 silly audit   'object.assign': [ '4.1.7' ],
16 silly audit   'object.entries': [ '1.1.9' ],
16 silly audit   'object.fromentries': [ '2.0.8' ],
16 silly audit   'object.groupby': [ '1.0.3' ],
16 silly audit   'object.values': [ '1.2.1' ],
16 silly audit   once: [ '1.4.0' ],
16 silly audit   optionator: [ '0.9.4' ],
16 silly audit   'own-keys': [ '1.0.1' ],
16 silly audit   'p-limit': [ '3.1.0' ],
16 silly audit   'p-locate': [ '5.0.0' ],
16 silly audit   'parent-module': [ '1.0.1' ],
16 silly audit   'path-exists': [ '4.0.0' ],
16 silly audit   'path-expression-matcher': [ '1.5.0' ],
16 silly audit   'path-key': [ '3.1.1' ],
16 silly audit   'path-parse': [ '1.0.7' ],
16 silly audit   picocolors: [ '1.1.1' ],
16 silly audit   picomatch: [ '2.3.2', '4.0.4' ],
16 silly audit   'possible-typed-array-names': [ '1.1.0' ],
16 silly audit   'prelude-ls': [ '1.2.1' ],
16 silly audit   'prop-types': [ '15.8.1' ],
16 silly audit   'proto3-json-serializer': [ '2.0.2' ],
16 silly audit   protobufjs: [ '7.5.5' ],
16 silly audit   punycode: [ '2.3.1' ],
16 silly audit   'queue-microtask': [ '1.2.3' ],
16 silly audit   react: [ '19.2.4' ],
16 silly audit   'react-dom': [ '19.2.4' ],
16 silly audit   'react-hot-toast': [ '2.6.0' ],
16 silly audit   'react-is': [ '16.13.1' ],
16 silly audit   'react-redux': [ '9.2.0' ],
16 silly audit   'readable-stream': [ '3.6.2' ],
16 silly audit   recharts: [ '3.8.1' ],
16 silly audit   redux: [ '5.0.1' ],
16 silly audit   'redux-thunk': [ '3.1.0' ],
16 silly audit   'reflect.getprototypeof': [ '1.0.10' ],
16 silly audit   'regexp.prototype.flags': [ '1.5.4' ],
16 silly audit   'require-directory': [ '2.1.1' ],
16 silly audit   reselect: [ '5.1.1' ],
16 silly audit   resolve: [ '2.0.0-next.6' ],
16 silly audit   'resolve-from': [ '4.0.0' ],
16 silly audit   'resolve-pkg-maps': [ '1.0.0' ],
16 silly audit   retry: [ '0.13.1' ],
16 silly audit   'retry-request': [ '7.0.2' ],
16 silly audit   reusify: [ '1.1.0' ],
16 silly audit   'run-parallel': [ '1.2.0' ],
16 silly audit   'safe-array-concat': [ '1.1.3' ],
16 silly audit   'safe-buffer': [ '5.2.1' ],
16 silly audit   'safe-push-apply': [ '1.0.0' ],
16 silly audit   'safe-regex-test': [ '1.1.0' ],
16 silly audit   scheduler: [ '0.27.0' ],
16 silly audit   'set-function-length': [ '1.2.2' ],
16 silly audit   'set-function-name': [ '2.0.2' ],
16 silly audit   'set-proto': [ '1.0.0' ],
16 silly audit   sharp: [ '0.34.5' ],
16 silly audit   'shebang-command': [ '2.0.0' ],
16 silly audit   'shebang-regex': [ '3.0.0' ],
16 silly audit   'side-channel': [ '1.1.0' ],
16 silly audit   'side-channel-list': [ '1.0.1' ],
16 silly audit   'side-channel-map': [ '1.0.1' ],
16 silly audit   'side-channel-weakmap': [ '1.0.2' ],
16 silly audit   'source-map-js': [ '1.2.1' ],
16 silly audit   'stable-hash': [ '0.0.5' ],
16 silly audit   'stop-iteration-iterator': [ '1.1.0' ],
16 silly audit   'stream-events': [ '1.0.5' ],
16 silly audit   'stream-shift': [ '1.0.3' ],
16 silly audit   string_decoder: [ '1.3.0' ],
16 silly audit   'string-width': [ '4.2.3' ],
16 silly audit   'string.prototype.includes': [ '2.0.1' ],
16 silly audit   'string.prototype.matchall': [ '4.0.12' ],
16 silly audit   'string.prototype.repeat': [ '1.0.0' ],
16 silly audit   'string.prototype.trim': [ '1.2.10' ],
16 silly audit   'string.prototype.trimend': [ '1.0.9' ],
16 silly audit   'string.prototype.trimstart': [ '1.0.8' ],
16 silly audit   'strip-ansi': [ '6.0.1' ],
16 silly audit   'strip-bom': [ '3.0.0' ],
16 silly audit   'strip-json-comments': [ '3.1.1' ],
16 silly audit   strnum: [ '2.2.3' ],
16 silly audit   stubs: [ '3.0.0' ],
16 silly audit   'styled-jsx': [ '5.1.6' ],
16 silly audit   'supports-color': [ '7.2.0' ],
16 silly audit   'supports-preserve-symlinks-flag': [ '1.0.0' ],
16 silly audit   tailwindcss: [ '4.2.2' ],
16 silly audit   tapable: [ '2.3.2' ],
16 silly audit   'teeny-request': [ '9.0.0' ],
16 silly audit   'tiny-invariant': [ '1.3.3' ],
16 silly audit   tinyglobby: [ '0.2.16' ],
16 silly audit   fdir: [ '6.5.0' ],
16 silly audit   'to-regex-range': [ '5.0.1' ],
16 silly audit   tr46: [ '0.0.3' ],
16 silly audit   'ts-api-utils': [ '2.5.0' ],
16 silly audit   'tsconfig-paths': [ '3.15.0' ],
16 silly audit   tslib: [ '2.8.1' ],
16 silly audit   'type-check': [ '0.4.0' ],
16 silly audit   'typed-array-buffer': [ '1.0.3' ],
16 silly audit   'typed-array-byte-length': [ '1.0.3' ],
16 silly audit   'typed-array-byte-offset': [ '1.0.4' ],
16 silly audit   'typed-array-length': [ '1.0.7' ],
16 silly audit   typescript: [ '5.9.3' ],
16 silly audit   'typescript-eslint': [ '8.58.2' ],
16 silly audit   'unbox-primitive': [ '1.1.0' ],
16 silly audit   'undici-types': [ '6.21.0' ],
16 silly audit   'unrs-resolver': [ '1.11.1' ],
16 silly audit   'update-browserslist-db': [ '1.2.3' ],
16 silly audit   'uri-js': [ '4.4.1' ],
16 silly audit   'use-sync-external-store': [ '1.6.0' ],
16 silly audit   'util-deprecate': [ '1.0.2' ],
16 silly audit   'victory-vendor': [ '37.3.6' ],
16 silly audit   'web-streams-polyfill': [ '3.3.3' ],
16 silly audit   'web-vitals': [ '4.2.4' ],
16 silly audit   'webidl-conversions': [ '3.0.1' ],
16 silly audit   'websocket-driver': [ '0.7.4' ],
16 silly audit   'websocket-extensions': [ '0.1.4' ],
16 silly audit   'whatwg-url': [ '5.0.0' ],
16 silly audit   which: [ '2.0.2' ],
16 silly audit   'which-boxed-primitive': [ '1.1.1' ],
16 silly audit   'which-builtin-type': [ '1.2.1' ],
16 silly audit   'which-collection': [ '1.0.2' ],
16 silly audit   'which-typed-array': [ '1.1.20' ],
16 silly audit   'word-wrap': [ '1.2.5' ],
16 silly audit   'wrap-ansi': [ '7.0.0' ],
16 silly audit   wrappy: [ '1.0.2' ],
16 silly audit   y18n: [ '5.0.8' ],
16 silly audit   yargs: [ '17.7.2' ],
16 silly audit   'yargs-parser': [ '21.1.1' ],
16 silly audit   'yocto-queue': [ '0.1.0' ],
16 silly audit   zod: [ '4.3.6' ],
16 silly audit   'zod-validation-error': [ '4.0.2' ]
16 silly audit }
17 http fetch GET 200 https://registry.npmjs.org/npm 263ms
18 http cache whatwg-url@https://registry.npmjs.org/whatwg-url/-/whatwg-url-5.0.0.tgz 0ms (cache hit)
19 http cache wrappy@https://registry.npmjs.org/wrappy/-/wrappy-1.0.2.tgz 0ms (cache hit)
20 http cache web-streams-polyfill@https://registry.npmjs.org/web-streams-polyfill/-/web-streams-polyfill-3.3.3.tgz 0ms (cache hit)
21 http cache uuid@https://registry.npmjs.org/uuid/-/uuid-11.1.0.tgz 0ms (cache hit)
22 http cache util-deprecate@https://registry.npmjs.org/util-deprecate/-/util-deprecate-1.0.2.tgz 0ms (cache hit)
23 http cache tr46@https://registry.npmjs.org/tr46/-/tr46-0.0.3.tgz 0ms (cache hit)
24 http cache webidl-conversions@https://registry.npmjs.org/webidl-conversions/-/webidl-conversions-3.0.1.tgz 0ms (cache hit)
25 http cache stubs@https://registry.npmjs.org/stubs/-/stubs-3.0.0.tgz 0ms (cache hit)
26 http cache strnum@https://registry.npmjs.org/strnum/-/strnum-2.2.3.tgz 0ms (cache hit)
27 http cache teeny-request@https://registry.npmjs.org/teeny-request/-/teeny-request-9.0.0.tgz 0ms (cache hit)
28 http cache stream-shift@https://registry.npmjs.org/stream-shift/-/stream-shift-1.0.3.tgz 0ms (cache hit)
29 http cache string_decoder@https://registry.npmjs.org/string_decoder/-/string_decoder-1.3.0.tgz 0ms (cache hit)
30 http cache stream-events@https://registry.npmjs.org/stream-events/-/stream-events-1.0.5.tgz 0ms (cache hit)
31 http cache retry-request@https://registry.npmjs.org/retry-request/-/retry-request-7.0.2.tgz 0ms (cache hit)
32 http cache retry@https://registry.npmjs.org/retry/-/retry-0.13.1.tgz 0ms (cache hit)
33 http cache readable-stream@https://registry.npmjs.org/readable-stream/-/readable-stream-3.6.2.tgz 0ms (cache hit)
34 http cache path-expression-matcher@https://registry.npmjs.org/path-expression-matcher/-/path-expression-matcher-1.5.0.tgz 0ms (cache hit)
35 http cache once@https://registry.npmjs.org/once/-/once-1.4.0.tgz 0ms (cache hit)
36 http cache object-hash@https://registry.npmjs.org/object-hash/-/object-hash-3.0.0.tgz 0ms (cache hit)
37 http cache node-forge@https://registry.npmjs.org/node-forge/-/node-forge-1.4.0.tgz 0ms (cache hit)
38 http cache node-fetch@https://registry.npmjs.org/node-fetch/-/node-fetch-2.7.0.tgz 0ms (cache hit)
39 http cache node-domexception@https://registry.npmjs.org/node-domexception/-/node-domexception-1.0.0.tgz 0ms (cache hit)
40 http cache proto3-json-serializer@https://registry.npmjs.org/proto3-json-serializer/-/proto3-json-serializer-2.0.2.tgz 0ms (cache hit)
41 http cache mime-types@https://registry.npmjs.org/mime-types/-/mime-types-2.1.35.tgz 0ms (cache hit)
42 http cache mime-db@https://registry.npmjs.org/mime-db/-/mime-db-1.52.0.tgz 0ms (cache hit)
43 http cache mime@https://registry.npmjs.org/mime/-/mime-3.0.0.tgz 0ms (cache hit)
44 http cache lodash.once@https://registry.npmjs.org/lodash.once/-/lodash.once-4.1.1.tgz 0ms (cache hit)
45 http cache lodash.isplainobject@https://registry.npmjs.org/lodash.isplainobject/-/lodash.isplainobject-4.0.6.tgz 0ms (cache hit)
46 http cache lru-memoizer@https://registry.npmjs.org/lru-memoizer/-/lru-memoizer-2.3.0.tgz 0ms (cache hit)
47 http cache lodash.isstring@https://registry.npmjs.org/lodash.isstring/-/lodash.isstring-4.0.1.tgz 0ms (cache hit)
48 http cache lodash.isnumber@https://registry.npmjs.org/lodash.isnumber/-/lodash.isnumber-3.0.3.tgz 0ms (cache hit)
49 http cache lodash.isinteger@https://registry.npmjs.org/lodash.isinteger/-/lodash.isinteger-4.0.4.tgz 0ms (cache hit)
50 http cache lodash.includes@https://registry.npmjs.org/lodash.includes/-/lodash.includes-4.3.0.tgz 0ms (cache hit)
51 http cache lodash.clonedeep@https://registry.npmjs.org/lodash.clonedeep/-/lodash.clonedeep-4.5.0.tgz 0ms (cache hit)
52 http cache limiter@https://registry.npmjs.org/limiter/-/limiter-1.1.5.tgz 0ms (cache hit)
53 http cache jws@https://registry.npmjs.org/jws/-/jws-4.0.1.tgz 0ms (cache hit)
54 http cache lodash.isboolean@https://registry.npmjs.org/lodash.isboolean/-/lodash.isboolean-3.0.3.tgz 0ms (cache hit)
55 http cache jwks-rsa@https://registry.npmjs.org/jwks-rsa/-/jwks-rsa-3.2.2.tgz 0ms (cache hit)
56 http cache jwa@https://registry.npmjs.org/jwa/-/jwa-2.0.1.tgz 0ms (cache hit)
57 http cache json-bigint@https://registry.npmjs.org/json-bigint/-/json-bigint-1.0.0.tgz 0ms (cache hit)
58 http cache jsonwebtoken@https://registry.npmjs.org/jsonwebtoken/-/jsonwebtoken-9.0.3.tgz 0ms (cache hit)
59 http cache is-stream@https://registry.npmjs.org/is-stream/-/is-stream-2.0.1.tgz 0ms (cache hit)
60 http cache jose@https://registry.npmjs.org/jose/-/jose-4.15.9.tgz 0ms (cache hit)
61 http cache inherits@https://registry.npmjs.org/inherits/-/inherits-2.0.4.tgz 0ms (cache hit)
62 http cache https-proxy-agent@https://registry.npmjs.org/https-proxy-agent/-/https-proxy-agent-7.0.6.tgz 0ms (cache hit)
63 http cache http-proxy-agent@https://registry.npmjs.org/http-proxy-agent/-/http-proxy-agent-5.0.0.tgz 0ms (cache hit)
64 http cache gtoken@https://registry.npmjs.org/gtoken/-/gtoken-7.1.0.tgz 0ms (cache hit)
65 http cache google-logging-utils@https://registry.npmjs.org/google-logging-utils/-/google-logging-utils-1.1.3.tgz 0ms (cache hit)
66 http cache html-entities@https://registry.npmjs.org/html-entities/-/html-entities-2.6.0.tgz 0ms (cache hit)
67 http cache google-gax@https://registry.npmjs.org/google-gax/-/google-gax-4.6.1.tgz 0ms (cache hit)
68 http cache gcp-metadata@https://registry.npmjs.org/gcp-metadata/-/gcp-metadata-8.1.2.tgz 0ms (cache hit)
69 http cache google-auth-library@https://registry.npmjs.org/google-auth-library/-/google-auth-library-10.6.2.tgz 0ms (cache hit)
70 http cache functional-red-black-tree@https://registry.npmjs.org/functional-red-black-tree/-/functional-red-black-tree-1.0.1.tgz 0ms (cache hit)
71 http cache gaxios@https://registry.npmjs.org/gaxios/-/gaxios-6.7.1.tgz 0ms (cache hit)
72 http cache form-data@https://registry.npmjs.org/form-data/-/form-data-2.5.5.tgz 0ms (cache hit)
73 http cache formdata-polyfill@https://registry.npmjs.org/formdata-polyfill/-/formdata-polyfill-4.0.10.tgz 0ms (cache hit)
74 http cache firebase-admin@https://registry.npmjs.org/firebase-admin/-/firebase-admin-13.8.0.tgz 0ms (cache hit)
75 http cache fast-xml-parser@https://registry.npmjs.org/fast-xml-parser/-/fast-xml-parser-5.7.1.tgz 0ms (cache hit)
76 http cache fast-xml-builder@https://registry.npmjs.org/fast-xml-builder/-/fast-xml-builder-1.1.5.tgz 0ms (cache hit)
77 http cache farmhash-modern@https://registry.npmjs.org/farmhash-modern/-/farmhash-modern-1.1.0.tgz 0ms (cache hit)
78 http cache fetch-blob@https://registry.npmjs.org/fetch-blob/-/fetch-blob-3.2.0.tgz 0ms (cache hit)
79 http cache extend@https://registry.npmjs.org/extend/-/extend-3.0.2.tgz 0ms (cache hit)
80 http cache event-target-shim@https://registry.npmjs.org/event-target-shim/-/event-target-shim-5.0.1.tgz 0ms (cache hit)
81 http cache end-of-stream@https://registry.npmjs.org/end-of-stream/-/end-of-stream-1.4.5.tgz 0ms (cache hit)
82 http cache ecdsa-sig-formatter@https://registry.npmjs.org/ecdsa-sig-formatter/-/ecdsa-sig-formatter-1.0.11.tgz 0ms (cache hit)
83 http cache delayed-stream@https://registry.npmjs.org/delayed-stream/-/delayed-stream-1.0.0.tgz 0ms (cache hit)
84 http cache data-uri-to-buffer@https://registry.npmjs.org/data-uri-to-buffer/-/data-uri-to-buffer-4.0.1.tgz 0ms (cache hit)
85 http cache combined-stream@https://registry.npmjs.org/combined-stream/-/combined-stream-1.0.8.tgz 0ms (cache hit)
86 http cache duplexify@https://registry.npmjs.org/duplexify/-/duplexify-4.1.3.tgz 0ms (cache hit)
87 http cache buffer-equal-constant-time@https://registry.npmjs.org/buffer-equal-constant-time/-/buffer-equal-constant-time-1.0.1.tgz 0ms (cache hit)
88 http cache bignumber.js@https://registry.npmjs.org/bignumber.js/-/bignumber.js-9.3.1.tgz 0ms (cache hit)
89 http cache base64-js@https://registry.npmjs.org/base64-js/-/base64-js-1.5.1.tgz 0ms (cache hit)
90 http cache asynckit@https://registry.npmjs.org/asynckit/-/asynckit-0.4.0.tgz 0ms (cache hit)
91 http cache agent-base@https://registry.npmjs.org/agent-base/-/agent-base-7.1.4.tgz 0ms (cache hit)
92 http cache abort-controller@https://registry.npmjs.org/abort-controller/-/abort-controller-3.0.0.tgz 0ms (cache hit)
93 http cache @types/tough-cookie@https://registry.npmjs.org/@types/tough-cookie/-/tough-cookie-4.0.5.tgz 0ms (cache hit)
94 http cache arrify@https://registry.npmjs.org/arrify/-/arrify-2.0.1.tgz 0ms (cache hit)
95 http cache @types/request@https://registry.npmjs.org/@types/request/-/request-2.48.13.tgz 0ms (cache hit)
96 http cache @types/ms@https://registry.npmjs.org/@types/ms/-/ms-2.1.0.tgz 0ms (cache hit)
97 http cache @types/long@https://registry.npmjs.org/@types/long/-/long-4.0.2.tgz 0ms (cache hit)
98 http cache @types/jsonwebtoken@https://registry.npmjs.org/@types/jsonwebtoken/-/jsonwebtoken-9.0.10.tgz 0ms (cache hit)
99 http cache @types/caseless@https://registry.npmjs.org/@types/caseless/-/caseless-0.12.5.tgz 0ms (cache hit)
100 http cache @tootallnate/once@https://registry.npmjs.org/@tootallnate/once/-/once-2.0.0.tgz 0ms (cache hit)
101 http cache @opentelemetry/api@https://registry.npmjs.org/@opentelemetry/api/-/api-1.9.1.tgz 0ms (cache hit)
102 http cache @google-cloud/storage@https://registry.npmjs.org/@google-cloud/storage/-/storage-7.19.0.tgz 0ms (cache hit)
103 http cache @js-sdsl/ordered-map@https://registry.npmjs.org/@js-sdsl/ordered-map/-/ordered-map-4.4.2.tgz 0ms (cache hit)
104 http cache @nodable/entities@https://registry.npmjs.org/@nodable/entities/-/entities-2.1.0.tgz 0ms (cache hit)
105 http cache @google-cloud/promisify@https://registry.npmjs.org/@google-cloud/promisify/-/promisify-4.0.0.tgz 0ms (cache hit)
106 http cache @google-cloud/projectify@https://registry.npmjs.org/@google-cloud/projectify/-/projectify-4.0.0.tgz 0ms (cache hit)
107 http cache @google-cloud/paginator@https://registry.npmjs.org/@google-cloud/paginator/-/paginator-5.0.2.tgz 0ms (cache hit)
108 http cache @google-cloud/firestore@https://registry.npmjs.org/@google-cloud/firestore/-/firestore-7.11.6.tgz 0ms (cache hit)
109 http cache @fastify/busboy@https://registry.npmjs.org/@fastify/busboy/-/busboy-3.2.0.tgz 0ms (cache hit)
110 http cache uuid@https://registry.npmjs.org/uuid/-/uuid-9.0.1.tgz 0ms (cache hit)
111 http cache https-proxy-agent@https://registry.npmjs.org/https-proxy-agent/-/https-proxy-agent-5.0.1.tgz 0ms (cache hit)
112 http cache agent-base@https://registry.npmjs.org/agent-base/-/agent-base-6.0.2.tgz 0ms (cache hit)
113 http cache yallist@https://registry.npmjs.org/yallist/-/yallist-4.0.0.tgz 0ms (cache hit)
114 http cache lru-cache@https://registry.npmjs.org/lru-cache/-/lru-cache-6.0.0.tgz 0ms (cache hit)
115 http cache semver@https://registry.npmjs.org/semver/-/semver-7.7.4.tgz 0ms (cache hit)
116 http cache agent-base@https://registry.npmjs.org/agent-base/-/agent-base-6.0.2.tgz 0ms (cache hit)
117 http cache google-logging-utils@https://registry.npmjs.org/google-logging-utils/-/google-logging-utils-0.0.2.tgz 0ms (cache hit)
118 http cache uuid@https://registry.npmjs.org/uuid/-/uuid-9.0.1.tgz 0ms (cache hit)
119 http cache google-auth-library@https://registry.npmjs.org/google-auth-library/-/google-auth-library-9.15.1.tgz 0ms (cache hit)
120 http cache gcp-metadata@https://registry.npmjs.org/gcp-metadata/-/gcp-metadata-6.1.1.tgz 0ms (cache hit)
121 http cache @grpc/grpc-js@https://registry.npmjs.org/@grpc/grpc-js/-/grpc-js-1.14.3.tgz 0ms (cache hit)
122 http cache @grpc/proto-loader@https://registry.npmjs.org/@grpc/proto-loader/-/proto-loader-0.8.0.tgz 0ms (cache hit)
123 http cache gaxios@https://registry.npmjs.org/gaxios/-/gaxios-7.1.4.tgz 0ms (cache hit)
124 http cache node-fetch@https://registry.npmjs.org/node-fetch/-/node-fetch-3.3.2.tgz 0ms (cache hit)
125 http cache node-fetch@https://registry.npmjs.org/node-fetch/-/node-fetch-3.3.2.tgz 0ms (cache hit)
126 http cache async-retry@https://registry.npmjs.org/async-retry/-/async-retry-1.3.3.tgz 0ms (cache hit)
127 http cache uuid@https://registry.npmjs.org/uuid/-/uuid-9.0.1.tgz 0ms (cache hit)
128 http cache uuid@https://registry.npmjs.org/uuid/-/uuid-8.3.2.tgz 0ms (cache hit)
129 http cache google-logging-utils@https://registry.npmjs.org/google-logging-utils/-/google-logging-utils-0.0.2.tgz 0ms (cache hit)
130 http cache gaxios@https://registry.npmjs.org/gaxios/-/gaxios-7.1.4.tgz 0ms (cache hit)
131 http cache gcp-metadata@https://registry.npmjs.org/gcp-metadata/-/gcp-metadata-6.1.1.tgz 0ms (cache hit)
132 http cache google-auth-library@https://registry.npmjs.org/google-auth-library/-/google-auth-library-9.15.1.tgz 0ms (cache hit)
133 silly tarball no local data for whatwg-url@https://registry.npmjs.org/whatwg-url/-/whatwg-url-5.0.0.tgz. Extracting by manifest.
134 silly tarball no local data for wrappy@https://registry.npmjs.org/wrappy/-/wrappy-1.0.2.tgz. Extracting by manifest.
135 silly tarball no local data for web-streams-polyfill@https://registry.npmjs.org/web-streams-polyfill/-/web-streams-polyfill-3.3.3.tgz. Extracting by manifest.
136 silly tarball no local data for uuid@https://registry.npmjs.org/uuid/-/uuid-11.1.0.tgz. Extracting by manifest.
137 silly tarball no local data for util-deprecate@https://registry.npmjs.org/util-deprecate/-/util-deprecate-1.0.2.tgz. Extracting by manifest.
138 silly tarball no local data for tr46@https://registry.npmjs.org/tr46/-/tr46-0.0.3.tgz. Extracting by manifest.
139 silly tarball no local data for webidl-conversions@https://registry.npmjs.org/webidl-conversions/-/webidl-conversions-3.0.1.tgz. Extracting by manifest.
140 silly tarball no local data for stubs@https://registry.npmjs.org/stubs/-/stubs-3.0.0.tgz. Extracting by manifest.
141 silly tarball no local data for strnum@https://registry.npmjs.org/strnum/-/strnum-2.2.3.tgz. Extracting by manifest.
142 silly tarball no local data for teeny-request@https://registry.npmjs.org/teeny-request/-/teeny-request-9.0.0.tgz. Extracting by manifest.
143 silly tarball no local data for stream-shift@https://registry.npmjs.org/stream-shift/-/stream-shift-1.0.3.tgz. Extracting by manifest.
144 silly tarball no local data for string_decoder@https://registry.npmjs.org/string_decoder/-/string_decoder-1.3.0.tgz. Extracting by manifest.
145 silly tarball no local data for stream-events@https://registry.npmjs.org/stream-events/-/stream-events-1.0.5.tgz. Extracting by manifest.
146 silly tarball no local data for retry-request@https://registry.npmjs.org/retry-request/-/retry-request-7.0.2.tgz. Extracting by manifest.
147 silly tarball no local data for retry@https://registry.npmjs.org/retry/-/retry-0.13.1.tgz. Extracting by manifest.
148 silly tarball no local data for readable-stream@https://registry.npmjs.org/readable-stream/-/readable-stream-3.6.2.tgz. Extracting by manifest.
149 silly tarball no local data for path-expression-matcher@https://registry.npmjs.org/path-expression-matcher/-/path-expression-matcher-1.5.0.tgz. Extracting by manifest.
150 silly tarball no local data for once@https://registry.npmjs.org/once/-/once-1.4.0.tgz. Extracting by manifest.
151 silly tarball no local data for object-hash@https://registry.npmjs.org/object-hash/-/object-hash-3.0.0.tgz. Extracting by manifest.
152 silly tarball no local data for node-forge@https://registry.npmjs.org/node-forge/-/node-forge-1.4.0.tgz. Extracting by manifest.
153 silly tarball no local data for node-fetch@https://registry.npmjs.org/node-fetch/-/node-fetch-2.7.0.tgz. Extracting by manifest.
154 silly tarball no local data for node-domexception@https://registry.npmjs.org/node-domexception/-/node-domexception-1.0.0.tgz. Extracting by manifest.
155 silly tarball no local data for proto3-json-serializer@https://registry.npmjs.org/proto3-json-serializer/-/proto3-json-serializer-2.0.2.tgz. Extracting by manifest.
156 silly tarball no local data for mime-types@https://registry.npmjs.org/mime-types/-/mime-types-2.1.35.tgz. Extracting by manifest.
157 silly tarball no local data for mime-db@https://registry.npmjs.org/mime-db/-/mime-db-1.52.0.tgz. Extracting by manifest.
158 silly tarball no local data for mime@https://registry.npmjs.org/mime/-/mime-3.0.0.tgz. Extracting by manifest.
159 silly tarball no local data for lodash.once@https://registry.npmjs.org/lodash.once/-/lodash.once-4.1.1.tgz. Extracting by manifest.
160 silly tarball no local data for lodash.isplainobject@https://registry.npmjs.org/lodash.isplainobject/-/lodash.isplainobject-4.0.6.tgz. Extracting by manifest.
161 silly tarball no local data for lru-memoizer@https://registry.npmjs.org/lru-memoizer/-/lru-memoizer-2.3.0.tgz. Extracting by manifest.
162 silly tarball no local data for lodash.isstring@https://registry.npmjs.org/lodash.isstring/-/lodash.isstring-4.0.1.tgz. Extracting by manifest.
163 silly tarball no local data for lodash.isnumber@https://registry.npmjs.org/lodash.isnumber/-/lodash.isnumber-3.0.3.tgz. Extracting by manifest.
164 silly tarball no local data for lodash.isinteger@https://registry.npmjs.org/lodash.isinteger/-/lodash.isinteger-4.0.4.tgz. Extracting by manifest.
165 silly tarball no local data for lodash.includes@https://registry.npmjs.org/lodash.includes/-/lodash.includes-4.3.0.tgz. Extracting by manifest.
166 silly tarball no local data for lodash.clonedeep@https://registry.npmjs.org/lodash.clonedeep/-/lodash.clonedeep-4.5.0.tgz. Extracting by manifest.
167 silly tarball no local data for limiter@https://registry.npmjs.org/limiter/-/limiter-1.1.5.tgz. Extracting by manifest.
168 silly tarball no local data for jws@https://registry.npmjs.org/jws/-/jws-4.0.1.tgz. Extracting by manifest.
169 silly tarball no local data for lodash.isboolean@https://registry.npmjs.org/lodash.isboolean/-/lodash.isboolean-3.0.3.tgz. Extracting by manifest.
170 silly tarball no local data for jwks-rsa@https://registry.npmjs.org/jwks-rsa/-/jwks-rsa-3.2.2.tgz. Extracting by manifest.
171 silly tarball no local data for jwa@https://registry.npmjs.org/jwa/-/jwa-2.0.1.tgz. Extracting by manifest.
172 silly tarball no local data for json-bigint@https://registry.npmjs.org/json-bigint/-/json-bigint-1.0.0.tgz. Extracting by manifest.
173 silly tarball no local data for jsonwebtoken@https://registry.npmjs.org/jsonwebtoken/-/jsonwebtoken-9.0.3.tgz. Extracting by manifest.
174 silly tarball no local data for is-stream@https://registry.npmjs.org/is-stream/-/is-stream-2.0.1.tgz. Extracting by manifest.
175 silly tarball no local data for jose@https://registry.npmjs.org/jose/-/jose-4.15.9.tgz. Extracting by manifest.
176 silly tarball no local data for inherits@https://registry.npmjs.org/inherits/-/inherits-2.0.4.tgz. Extracting by manifest.
177 silly tarball no local data for https-proxy-agent@https://registry.npmjs.org/https-proxy-agent/-/https-proxy-agent-7.0.6.tgz. Extracting by manifest.
178 silly tarball no local data for http-proxy-agent@https://registry.npmjs.org/http-proxy-agent/-/http-proxy-agent-5.0.0.tgz. Extracting by manifest.
179 silly tarball no local data for gtoken@https://registry.npmjs.org/gtoken/-/gtoken-7.1.0.tgz. Extracting by manifest.
180 silly tarball no local data for google-logging-utils@https://registry.npmjs.org/google-logging-utils/-/google-logging-utils-1.1.3.tgz. Extracting by manifest.
181 silly tarball no local data for html-entities@https://registry.npmjs.org/html-entities/-/html-entities-2.6.0.tgz. Extracting by manifest.
182 silly tarball no local data for google-gax@https://registry.npmjs.org/google-gax/-/google-gax-4.6.1.tgz. Extracting by manifest.
183 silly tarball no local data for gcp-metadata@https://registry.npmjs.org/gcp-metadata/-/gcp-metadata-8.1.2.tgz. Extracting by manifest.
184 silly tarball no local data for google-auth-library@https://registry.npmjs.org/google-auth-library/-/google-auth-library-10.6.2.tgz. Extracting by manifest.
185 silly tarball no local data for functional-red-black-tree@https://registry.npmjs.org/functional-red-black-tree/-/functional-red-black-tree-1.0.1.tgz. Extracting by manifest.
186 silly tarball no local data for gaxios@https://registry.npmjs.org/gaxios/-/gaxios-6.7.1.tgz. Extracting by manifest.
187 silly tarball no local data for form-data@https://registry.npmjs.org/form-data/-/form-data-2.5.5.tgz. Extracting by manifest.
188 silly tarball no local data for formdata-polyfill@https://registry.npmjs.org/formdata-polyfill/-/formdata-polyfill-4.0.10.tgz. Extracting by manifest.
189 silly tarball no local data for firebase-admin@https://registry.npmjs.org/firebase-admin/-/firebase-admin-13.8.0.tgz. Extracting by manifest.
190 silly tarball no local data for fast-xml-parser@https://registry.npmjs.org/fast-xml-parser/-/fast-xml-parser-5.7.1.tgz. Extracting by manifest.
191 silly tarball no local data for fast-xml-builder@https://registry.npmjs.org/fast-xml-builder/-/fast-xml-builder-1.1.5.tgz. Extracting by manifest.
192 silly tarball no local data for farmhash-modern@https://registry.npmjs.org/farmhash-modern/-/farmhash-modern-1.1.0.tgz. Extracting by manifest.
193 silly tarball no local data for fetch-blob@https://registry.npmjs.org/fetch-blob/-/fetch-blob-3.2.0.tgz. Extracting by manifest.
194 silly tarball no local data for extend@https://registry.npmjs.org/extend/-/extend-3.0.2.tgz. Extracting by manifest.
195 silly tarball no local data for event-target-shim@https://registry.npmjs.org/event-target-shim/-/event-target-shim-5.0.1.tgz. Extracting by manifest.
196 silly tarball no local data for end-of-stream@https://registry.npmjs.org/end-of-stream/-/end-of-stream-1.4.5.tgz. Extracting by manifest.
197 silly tarball no local data for ecdsa-sig-formatter@https://registry.npmjs.org/ecdsa-sig-formatter/-/ecdsa-sig-formatter-1.0.11.tgz. Extracting by manifest.
198 silly tarball no local data for delayed-stream@https://registry.npmjs.org/delayed-stream/-/delayed-stream-1.0.0.tgz. Extracting by manifest.
199 silly tarball no local data for data-uri-to-buffer@https://registry.npmjs.org/data-uri-to-buffer/-/data-uri-to-buffer-4.0.1.tgz. Extracting by manifest.
200 silly tarball no local data for combined-stream@https://registry.npmjs.org/combined-stream/-/combined-stream-1.0.8.tgz. Extracting by manifest.
201 silly tarball no local data for duplexify@https://registry.npmjs.org/duplexify/-/duplexify-4.1.3.tgz. Extracting by manifest.
202 silly tarball no local data for buffer-equal-constant-time@https://registry.npmjs.org/buffer-equal-constant-time/-/buffer-equal-constant-time-1.0.1.tgz. Extracting by manifest.
203 silly tarball no local data for bignumber.js@https://registry.npmjs.org/bignumber.js/-/bignumber.js-9.3.1.tgz. Extracting by manifest.
204 silly tarball no local data for base64-js@https://registry.npmjs.org/base64-js/-/base64-js-1.5.1.tgz. Extracting by manifest.
205 silly tarball no local data for asynckit@https://registry.npmjs.org/asynckit/-/asynckit-0.4.0.tgz. Extracting by manifest.
206 silly tarball no local data for agent-base@https://registry.npmjs.org/agent-base/-/agent-base-7.1.4.tgz. Extracting by manifest.
207 silly tarball no local data for abort-controller@https://registry.npmjs.org/abort-controller/-/abort-controller-3.0.0.tgz. Extracting by manifest.
208 silly tarball no local data for @types/tough-cookie@https://registry.npmjs.org/@types/tough-cookie/-/tough-cookie-4.0.5.tgz. Extracting by manifest.
209 silly tarball no local data for arrify@https://registry.npmjs.org/arrify/-/arrify-2.0.1.tgz. Extracting by manifest.
210 silly tarball no local data for @types/request@https://registry.npmjs.org/@types/request/-/request-2.48.13.tgz. Extracting by manifest.
211 silly tarball no local data for @types/ms@https://registry.npmjs.org/@types/ms/-/ms-2.1.0.tgz. Extracting by manifest.
212 silly tarball no local data for @types/long@https://registry.npmjs.org/@types/long/-/long-4.0.2.tgz. Extracting by manifest.
213 silly tarball no local data for @types/jsonwebtoken@https://registry.npmjs.org/@types/jsonwebtoken/-/jsonwebtoken-9.0.10.tgz. Extracting by manifest.
214 silly tarball no local data for @types/caseless@https://registry.npmjs.org/@types/caseless/-/caseless-0.12.5.tgz. Extracting by manifest.
215 silly tarball no local data for @tootallnate/once@https://registry.npmjs.org/@tootallnate/once/-/once-2.0.0.tgz. Extracting by manifest.
216 silly tarball no local data for @opentelemetry/api@https://registry.npmjs.org/@opentelemetry/api/-/api-1.9.1.tgz. Extracting by manifest.
217 silly tarball no local data for @google-cloud/storage@https://registry.npmjs.org/@google-cloud/storage/-/storage-7.19.0.tgz. Extracting by manifest.
218 silly tarball no local data for @js-sdsl/ordered-map@https://registry.npmjs.org/@js-sdsl/ordered-map/-/ordered-map-4.4.2.tgz. Extracting by manifest.
219 silly tarball no local data for @nodable/entities@https://registry.npmjs.org/@nodable/entities/-/entities-2.1.0.tgz. Extracting by manifest.
220 silly tarball no local data for @google-cloud/promisify@https://registry.npmjs.org/@google-cloud/promisify/-/promisify-4.0.0.tgz. Extracting by manifest.
221 silly tarball no local data for @google-cloud/projectify@https://registry.npmjs.org/@google-cloud/projectify/-/projectify-4.0.0.tgz. Extracting by manifest.
222 silly tarball no local data for @google-cloud/paginator@https://registry.npmjs.org/@google-cloud/paginator/-/paginator-5.0.2.tgz. Extracting by manifest.
223 silly tarball no local data for @google-cloud/firestore@https://registry.npmjs.org/@google-cloud/firestore/-/firestore-7.11.6.tgz. Extracting by manifest.
224 silly tarball no local data for @fastify/busboy@https://registry.npmjs.org/@fastify/busboy/-/busboy-3.2.0.tgz. Extracting by manifest.
225 silly tarball no local data for uuid@https://registry.npmjs.org/uuid/-/uuid-9.0.1.tgz. Extracting by manifest.
226 silly tarball no local data for https-proxy-agent@https://registry.npmjs.org/https-proxy-agent/-/https-proxy-agent-5.0.1.tgz. Extracting by manifest.
227 silly tarball no local data for agent-base@https://registry.npmjs.org/agent-base/-/agent-base-6.0.2.tgz. Extracting by manifest.
228 silly tarball no local data for yallist@https://registry.npmjs.org/yallist/-/yallist-4.0.0.tgz. Extracting by manifest.
229 silly tarball no local data for lru-cache@https://registry.npmjs.org/lru-cache/-/lru-cache-6.0.0.tgz. Extracting by manifest.
230 silly tarball no local data for semver@https://registry.npmjs.org/semver/-/semver-7.7.4.tgz. Extracting by manifest.
231 silly tarball no local data for agent-base@https://registry.npmjs.org/agent-base/-/agent-base-6.0.2.tgz. Extracting by manifest.
232 silly tarball no local data for google-logging-utils@https://registry.npmjs.org/google-logging-utils/-/google-logging-utils-0.0.2.tgz. Extracting by manifest.
233 silly tarball no local data for uuid@https://registry.npmjs.org/uuid/-/uuid-9.0.1.tgz. Extracting by manifest.
234 silly tarball no local data for google-auth-library@https://registry.npmjs.org/google-auth-library/-/google-auth-library-9.15.1.tgz. Extracting by manifest.
235 silly tarball no local data for gcp-metadata@https://registry.npmjs.org/gcp-metadata/-/gcp-metadata-6.1.1.tgz. Extracting by manifest.
236 silly tarball no local data for @grpc/grpc-js@https://registry.npmjs.org/@grpc/grpc-js/-/grpc-js-1.14.3.tgz. Extracting by manifest.
237 silly tarball no local data for @grpc/proto-loader@https://registry.npmjs.org/@grpc/proto-loader/-/proto-loader-0.8.0.tgz. Extracting by manifest.
238 silly tarball no local data for gaxios@https://registry.npmjs.org/gaxios/-/gaxios-7.1.4.tgz. Extracting by manifest.
239 silly tarball no local data for node-fetch@https://registry.npmjs.org/node-fetch/-/node-fetch-3.3.2.tgz. Extracting by manifest.
240 silly tarball no local data for node-fetch@https://registry.npmjs.org/node-fetch/-/node-fetch-3.3.2.tgz. Extracting by manifest.
241 silly tarball no local data for async-retry@https://registry.npmjs.org/async-retry/-/async-retry-1.3.3.tgz. Extracting by manifest.
242 silly tarball no local data for uuid@https://registry.npmjs.org/uuid/-/uuid-9.0.1.tgz. Extracting by manifest.
243 silly tarball no local data for uuid@https://registry.npmjs.org/uuid/-/uuid-8.3.2.tgz. Extracting by manifest.
244 silly tarball no local data for google-logging-utils@https://registry.npmjs.org/google-logging-utils/-/google-logging-utils-0.0.2.tgz. Extracting by manifest.
245 silly tarball no local data for gaxios@https://registry.npmjs.org/gaxios/-/gaxios-7.1.4.tgz. Extracting by manifest.
246 silly tarball no local data for gcp-metadata@https://registry.npmjs.org/gcp-metadata/-/gcp-metadata-6.1.1.tgz. Extracting by manifest.
247 silly tarball no local data for google-auth-library@https://registry.npmjs.org/google-auth-library/-/google-auth-library-9.15.1.tgz. Extracting by manifest.
248 http fetch GET 200 https://registry.npmjs.org/whatwg-url/-/whatwg-url-5.0.0.tgz 71ms (cache miss)
249 http fetch GET 200 https://registry.npmjs.org/retry/-/retry-0.13.1.tgz 95ms (cache miss)
250 http fetch GET 200 https://registry.npmjs.org/wrappy/-/wrappy-1.0.2.tgz 103ms (cache miss)
251 http fetch GET 200 https://registry.npmjs.org/stream-events/-/stream-events-1.0.5.tgz 105ms (cache miss)
252 http fetch GET 200 https://registry.npmjs.org/tr46/-/tr46-0.0.3.tgz 108ms (cache miss)
253 http fetch GET 200 https://registry.npmjs.org/strnum/-/strnum-2.2.3.tgz 108ms (cache miss)
254 http fetch GET 200 https://registry.npmjs.org/string_decoder/-/string_decoder-1.3.0.tgz 108ms (cache miss)
255 http fetch GET 200 https://registry.npmjs.org/teeny-request/-/teeny-request-9.0.0.tgz 114ms (cache miss)
256 http fetch GET 200 https://registry.npmjs.org/util-deprecate/-/util-deprecate-1.0.2.tgz 116ms (cache miss)
257 http fetch GET 200 https://registry.npmjs.org/stubs/-/stubs-3.0.0.tgz 115ms (cache miss)
258 http fetch GET 200 https://registry.npmjs.org/webidl-conversions/-/webidl-conversions-3.0.1.tgz 116ms (cache miss)
259 http fetch GET 200 https://registry.npmjs.org/retry-request/-/retry-request-7.0.2.tgz 125ms (cache miss)
260 http fetch GET 200 https://registry.npmjs.org/stream-shift/-/stream-shift-1.0.3.tgz 132ms (cache miss)
261 http fetch GET 200 https://registry.npmjs.org/path-expression-matcher/-/path-expression-matcher-1.5.0.tgz 136ms (cache miss)
262 http fetch GET 200 https://registry.npmjs.org/once/-/once-1.4.0.tgz 137ms (cache miss)
263 http fetch GET 200 https://registry.npmjs.org/object-hash/-/object-hash-3.0.0.tgz 147ms (cache miss)
264 http fetch GET 200 https://registry.npmjs.org/readable-stream/-/readable-stream-3.6.2.tgz 154ms (cache miss)
265 http fetch GET 200 https://registry.npmjs.org/mime-types/-/mime-types-2.1.35.tgz 162ms (cache miss)
266 http fetch GET 200 https://registry.npmjs.org/node-fetch/-/node-fetch-2.7.0.tgz 162ms (cache miss)
267 http fetch GET 200 https://registry.npmjs.org/mime-db/-/mime-db-1.52.0.tgz 163ms (cache miss)
268 http fetch GET 200 https://registry.npmjs.org/mime/-/mime-3.0.0.tgz 166ms (cache miss)
269 http fetch GET 200 https://registry.npmjs.org/node-domexception/-/node-domexception-1.0.0.tgz 168ms (cache miss)
270 warn deprecated node-domexception@1.0.0: Use your platform's native DOMException instead
271 http fetch GET 200 https://registry.npmjs.org/proto3-json-serializer/-/proto3-json-serializer-2.0.2.tgz 177ms (cache miss)
272 http fetch GET 200 https://registry.npmjs.org/uuid/-/uuid-11.1.0.tgz 182ms (cache miss)
273 http fetch GET 200 https://registry.npmjs.org/lodash.isstring/-/lodash.isstring-4.0.1.tgz 184ms (cache miss)
274 http fetch GET 200 https://registry.npmjs.org/lodash.once/-/lodash.once-4.1.1.tgz 188ms (cache miss)
275 http fetch GET 200 https://registry.npmjs.org/lodash.isnumber/-/lodash.isnumber-3.0.3.tgz 188ms (cache miss)
276 http fetch GET 200 https://registry.npmjs.org/lodash.isinteger/-/lodash.isinteger-4.0.4.tgz 189ms (cache miss)
277 http fetch GET 200 https://registry.npmjs.org/lru-memoizer/-/lru-memoizer-2.3.0.tgz 193ms (cache miss)
278 http fetch GET 200 https://registry.npmjs.org/lodash.includes/-/lodash.includes-4.3.0.tgz 194ms (cache miss)
279 http fetch GET 200 https://registry.npmjs.org/lodash.clonedeep/-/lodash.clonedeep-4.5.0.tgz 207ms (cache miss)
280 http fetch GET 200 https://registry.npmjs.org/lodash.isplainobject/-/lodash.isplainobject-4.0.6.tgz 207ms (cache miss)
281 http fetch GET 200 https://registry.npmjs.org/jws/-/jws-4.0.1.tgz 208ms (cache miss)
282 http fetch GET 200 https://registry.npmjs.org/limiter/-/limiter-1.1.5.tgz 208ms (cache miss)
283 http fetch GET 200 https://registry.npmjs.org/jwks-rsa/-/jwks-rsa-3.2.2.tgz 219ms (cache miss)
284 http fetch GET 200 https://registry.npmjs.org/lodash.isboolean/-/lodash.isboolean-3.0.3.tgz 235ms (cache miss)
285 http fetch POST 200 https://registry.npmjs.org/-/npm/v1/security/advisories/bulk 275ms
286 silly audit report {
286 silly audit report   '@tootallnate/once': [
286 silly audit report     {
286 silly audit report       id: 1113977,
286 silly audit report       url: 'https://github.com/advisories/GHSA-vpq2-c234-7xj6',
286 silly audit report       title: '@tootallnate/once vulnerable to Incorrect Control Flow Scoping',
286 silly audit report       severity: 'low',
286 silly audit report       vulnerable_versions: '<3.0.1',
286 silly audit report       cwe: [Array],
286 silly audit report       cvss: [Object]
286 silly audit report     }
286 silly audit report   ]
286 silly audit report }
287 silly packumentCache corgi:https://registry.npmjs.org/@tootallnate%2fonce cache-miss
288 http fetch GET 200 https://registry.npmjs.org/jsonwebtoken/-/jsonwebtoken-9.0.3.tgz 247ms (cache miss)
289 http fetch GET 200 https://registry.npmjs.org/node-forge/-/node-forge-1.4.0.tgz 256ms (cache miss)
290 http fetch GET 200 https://registry.npmjs.org/jwa/-/jwa-2.0.1.tgz 256ms (cache miss)
291 http fetch GET 200 https://registry.npmjs.org/is-stream/-/is-stream-2.0.1.tgz 261ms (cache miss)
292 http fetch GET 200 https://registry.npmjs.org/https-proxy-agent/-/https-proxy-agent-7.0.6.tgz 263ms (cache miss)
293 http fetch GET 200 https://registry.npmjs.org/http-proxy-agent/-/http-proxy-agent-5.0.0.tgz 265ms (cache miss)
294 http fetch GET 200 https://registry.npmjs.org/google-logging-utils/-/google-logging-utils-1.1.3.tgz 268ms (cache miss)
295 http fetch GET 200 https://registry.npmjs.org/gtoken/-/gtoken-7.1.0.tgz 276ms (cache miss)
296 http fetch GET 200 https://registry.npmjs.org/html-entities/-/html-entities-2.6.0.tgz 282ms (cache miss)
297 http fetch GET 200 https://registry.npmjs.org/json-bigint/-/json-bigint-1.0.0.tgz 304ms (cache miss)
298 http fetch GET 200 https://registry.npmjs.org/gcp-metadata/-/gcp-metadata-8.1.2.tgz 303ms (cache miss)
299 http fetch GET 200 https://registry.npmjs.org/functional-red-black-tree/-/functional-red-black-tree-1.0.1.tgz 332ms (cache miss)
300 http fetch GET 200 https://registry.npmjs.org/form-data/-/form-data-2.5.5.tgz 336ms (cache miss)
301 http fetch GET 200 https://registry.npmjs.org/google-auth-library/-/google-auth-library-10.6.2.tgz 339ms (cache miss)
302 http fetch GET 200 https://registry.npmjs.org/jose/-/jose-4.15.9.tgz 341ms (cache miss)
303 http fetch GET 200 https://registry.npmjs.org/extend/-/extend-3.0.2.tgz 363ms (cache miss)
304 http fetch GET 200 https://registry.npmjs.org/end-of-stream/-/end-of-stream-1.4.5.tgz 368ms (cache miss)
305 http fetch GET 200 https://registry.npmjs.org/event-target-shim/-/event-target-shim-5.0.1.tgz 368ms (cache miss)
306 http fetch GET 200 https://registry.npmjs.org/farmhash-modern/-/farmhash-modern-1.1.0.tgz 369ms (cache miss)
307 http fetch GET 200 https://registry.npmjs.org/ecdsa-sig-formatter/-/ecdsa-sig-formatter-1.0.11.tgz 372ms (cache miss)
308 http fetch GET 200 https://registry.npmjs.org/formdata-polyfill/-/formdata-polyfill-4.0.10.tgz 379ms (cache miss)
309 http fetch GET 200 https://registry.npmjs.org/delayed-stream/-/delayed-stream-1.0.0.tgz 379ms (cache miss)
310 http fetch GET 200 https://registry.npmjs.org/combined-stream/-/combined-stream-1.0.8.tgz 392ms (cache miss)
311 http fetch GET 200 https://registry.npmjs.org/web-streams-polyfill/-/web-streams-polyfill-3.3.3.tgz 412ms (cache miss)
312 http fetch GET 200 https://registry.npmjs.org/asynckit/-/asynckit-0.4.0.tgz 414ms (cache miss)
313 http fetch GET 200 https://registry.npmjs.org/buffer-equal-constant-time/-/buffer-equal-constant-time-1.0.1.tgz 425ms (cache miss)
314 http fetch GET 200 https://registry.npmjs.org/duplexify/-/duplexify-4.1.3.tgz 432ms (cache miss)
315 http fetch GET 200 https://registry.npmjs.org/base64-js/-/base64-js-1.5.1.tgz 432ms (cache miss)
316 http fetch GET 200 https://registry.npmjs.org/data-uri-to-buffer/-/data-uri-to-buffer-4.0.1.tgz 435ms (cache miss)
317 http fetch GET 200 https://registry.npmjs.org/bignumber.js/-/bignumber.js-9.3.1.tgz 435ms (cache miss)
318 http fetch GET 200 https://registry.npmjs.org/fast-xml-parser/-/fast-xml-parser-5.7.1.tgz 439ms (cache miss)
319 http fetch GET 200 https://registry.npmjs.org/agent-base/-/agent-base-7.1.4.tgz 442ms (cache miss)
320 http fetch GET 200 https://registry.npmjs.org/firebase-admin/-/firebase-admin-13.8.0.tgz 452ms (cache miss)
321 http fetch GET 200 https://registry.npmjs.org/arrify/-/arrify-2.0.1.tgz 458ms (cache miss)
322 http fetch GET 200 https://registry.npmjs.org/@types/tough-cookie/-/tough-cookie-4.0.5.tgz 458ms (cache miss)
323 http fetch GET 200 https://registry.npmjs.org/abort-controller/-/abort-controller-3.0.0.tgz 459ms (cache miss)
324 http fetch GET 200 https://registry.npmjs.org/@types/request/-/request-2.48.13.tgz 463ms (cache miss)
325 http fetch GET 200 https://registry.npmjs.org/@types/jsonwebtoken/-/jsonwebtoken-9.0.10.tgz 471ms (cache miss)
326 http fetch GET 200 https://registry.npmjs.org/@tootallnate/once/-/once-2.0.0.tgz 491ms (cache miss)
327 http fetch GET 200 https://registry.npmjs.org/@types/long/-/long-4.0.2.tgz 497ms (cache miss)
328 http fetch GET 200 https://registry.npmjs.org/@google-cloud/promisify/-/promisify-4.0.0.tgz 499ms (cache miss)
329 http fetch GET 200 https://registry.npmjs.org/gaxios/-/gaxios-6.7.1.tgz 524ms (cache miss)
330 http fetch GET 200 https://registry.npmjs.org/@js-sdsl/ordered-map/-/ordered-map-4.4.2.tgz 526ms (cache miss)
331 http fetch GET 200 https://registry.npmjs.org/inherits/-/inherits-2.0.4.tgz 547ms (cache miss)
332 http fetch GET 200 https://registry.npmjs.org/yallist/-/yallist-4.0.0.tgz 542ms (cache miss)
333 http fetch GET 200 https://registry.npmjs.org/https-proxy-agent/-/https-proxy-agent-5.0.1.tgz 543ms (cache miss)
334 http fetch GET 200 https://registry.npmjs.org/agent-base/-/agent-base-6.0.2.tgz 556ms (cache miss)
335 http fetch GET 200 https://registry.npmjs.org/lru-cache/-/lru-cache-6.0.0.tgz 559ms (cache miss)
336 http fetch GET 200 https://registry.npmjs.org/agent-base/-/agent-base-6.0.2.tgz 575ms (cache miss)
337 http fetch GET 200 https://registry.npmjs.org/google-logging-utils/-/google-logging-utils-0.0.2.tgz 584ms (cache miss)
338 http fetch GET 200 https://registry.npmjs.org/uuid/-/uuid-9.0.1.tgz 592ms (cache miss)
339 http fetch GET 200 https://registry.npmjs.org/semver/-/semver-7.7.4.tgz 607ms (cache miss)
340 http fetch GET 200 https://registry.npmjs.org/fetch-blob/-/fetch-blob-3.2.0.tgz 633ms (cache miss)
341 http fetch GET 200 https://registry.npmjs.org/gcp-metadata/-/gcp-metadata-6.1.1.tgz 634ms (cache miss)
342 http fetch GET 200 https://registry.npmjs.org/@types/caseless/-/caseless-0.12.5.tgz 637ms (cache miss)
343 http fetch GET 200 https://registry.npmjs.org/@types/ms/-/ms-2.1.0.tgz 648ms (cache miss)
344 http fetch GET 200 https://registry.npmjs.org/@grpc/proto-loader/-/proto-loader-0.8.0.tgz 649ms (cache miss)
345 http fetch GET 200 https://registry.npmjs.org/async-retry/-/async-retry-1.3.3.tgz 650ms (cache miss)
346 http fetch GET 200 https://registry.npmjs.org/google-gax/-/google-gax-4.6.1.tgz 660ms (cache miss)
347 http fetch GET 200 https://registry.npmjs.org/node-fetch/-/node-fetch-3.3.2.tgz 654ms (cache miss)
348 http fetch GET 200 https://registry.npmjs.org/node-fetch/-/node-fetch-3.3.2.tgz 659ms (cache miss)
349 http fetch GET 200 https://registry.npmjs.org/gcp-metadata/-/gcp-metadata-6.1.1.tgz 685ms (cache miss)
350 http fetch GET 200 https://registry.npmjs.org/google-logging-utils/-/google-logging-utils-0.0.2.tgz 687ms (cache miss)
351 http fetch GET 200 https://registry.npmjs.org/@tootallnate%2fonce 465ms (cache miss)
352 silly packumentCache corgi:https://registry.npmjs.org/@tootallnate%2fonce set size:undefined disposed:false
353 silly packumentCache corgi:https://registry.npmjs.org/http-proxy-agent cache-miss
354 http fetch GET 200 https://registry.npmjs.org/uuid/-/uuid-9.0.1.tgz 708ms (cache miss)
355 http fetch GET 200 https://registry.npmjs.org/uuid/-/uuid-8.3.2.tgz 732ms (cache miss)
356 http fetch GET 200 https://registry.npmjs.org/uuid/-/uuid-9.0.1.tgz 736ms (cache miss)
357 http fetch GET 200 https://registry.npmjs.org/@google-cloud/projectify/-/projectify-4.0.0.tgz 750ms (cache miss)
358 http fetch GET 200 https://registry.npmjs.org/http-proxy-agent 50ms (cache miss)
359 silly packumentCache corgi:https://registry.npmjs.org/http-proxy-agent set size:undefined disposed:false
360 silly packumentCache corgi:https://registry.npmjs.org/teeny-request cache-miss
361 http fetch GET 200 https://registry.npmjs.org/google-auth-library/-/google-auth-library-9.15.1.tgz 768ms (cache miss)
362 http fetch GET 200 https://registry.npmjs.org/gaxios/-/gaxios-7.1.4.tgz 776ms (cache miss)
363 http fetch GET 200 https://registry.npmjs.org/fast-xml-builder/-/fast-xml-builder-1.1.5.tgz 785ms (cache miss)
364 http fetch GET 200 https://registry.npmjs.org/gaxios/-/gaxios-7.1.4.tgz 791ms (cache miss)
365 http fetch GET 200 https://registry.npmjs.org/@nodable/entities/-/entities-2.1.0.tgz 798ms (cache miss)
366 http fetch GET 200 https://registry.npmjs.org/teeny-request 37ms (cache miss)
367 silly packumentCache corgi:https://registry.npmjs.org/teeny-request set size:undefined disposed:false
368 http fetch GET 200 https://registry.npmjs.org/google-auth-library/-/google-auth-library-9.15.1.tgz 801ms (cache miss)
369 silly packumentCache corgi:https://registry.npmjs.org/@google-cloud%2fstorage cache-miss
370 silly packumentCache corgi:https://registry.npmjs.org/retry-request cache-miss
371 http fetch GET 200 https://registry.npmjs.org/retry-request 38ms (cache miss)
372 silly packumentCache corgi:https://registry.npmjs.org/retry-request set size:undefined disposed:false
373 http fetch GET 200 https://registry.npmjs.org/@google-cloud%2fstorage 68ms (cache miss)
374 silly packumentCache corgi:https://registry.npmjs.org/@google-cloud%2fstorage set size:undefined disposed:false
375 http fetch GET 200 https://registry.npmjs.org/@google-cloud/paginator/-/paginator-5.0.2.tgz 878ms (cache miss)
376 silly packumentCache corgi:https://registry.npmjs.org/google-gax cache-miss
377 http fetch GET 200 https://registry.npmjs.org/google-gax 86ms (cache miss)
378 silly packumentCache corgi:https://registry.npmjs.org/google-gax set size:undefined disposed:false
379 silly packumentCache corgi:https://registry.npmjs.org/firebase-admin cache-miss
380 http fetch GET 200 https://registry.npmjs.org/@fastify/busboy/-/busboy-3.2.0.tgz 1129ms (cache miss)
381 http fetch GET 200 https://registry.npmjs.org/firebase-admin 69ms (cache miss)
382 silly packumentCache corgi:https://registry.npmjs.org/firebase-admin set size:undefined disposed:false
383 silly packumentCache corgi:https://registry.npmjs.org/@google-cloud%2ffirestore cache-miss
384 http fetch GET 200 https://registry.npmjs.org/@google-cloud/firestore/-/firestore-7.11.6.tgz 1150ms (cache miss)
385 http fetch GET 200 https://registry.npmjs.org/@google-cloud/storage/-/storage-7.19.0.tgz 1193ms (cache miss)
386 http fetch GET 200 https://registry.npmjs.org/@google-cloud%2ffirestore 73ms (cache miss)
387 silly packumentCache corgi:https://registry.npmjs.org/@google-cloud%2ffirestore set size:undefined disposed:false
388 http fetch GET 200 https://registry.npmjs.org/@opentelemetry/api/-/api-1.9.1.tgz 1372ms (cache miss)
389 http fetch GET 200 https://registry.npmjs.org/@grpc/grpc-js/-/grpc-js-1.14.3.tgz 1493ms (cache miss)
390 silly ADD node_modules/wrappy
391 silly ADD node_modules/whatwg-url
392 silly ADD node_modules/webidl-conversions
393 silly ADD node_modules/web-streams-polyfill
394 silly ADD node_modules/uuid
395 silly ADD node_modules/util-deprecate
396 silly ADD node_modules/tr46
397 silly ADD node_modules/teeny-request
398 silly ADD node_modules/teeny-request/node_modules/uuid
399 silly ADD node_modules/teeny-request/node_modules/https-proxy-agent
400 silly ADD node_modules/teeny-request/node_modules/agent-base
401 silly ADD node_modules/stubs
402 silly ADD node_modules/strnum
403 silly ADD node_modules/string_decoder
404 silly ADD node_modules/stream-shift
405 silly ADD node_modules/stream-events
406 silly ADD node_modules/retry-request
407 silly ADD node_modules/retry
408 silly ADD node_modules/readable-stream
409 silly ADD node_modules/proto3-json-serializer
410 silly ADD node_modules/path-expression-matcher
411 silly ADD node_modules/once
412 silly ADD node_modules/object-hash
413 silly ADD node_modules/node-forge
414 silly ADD node_modules/node-fetch
415 silly ADD node_modules/node-domexception
416 silly ADD node_modules/mime-types
417 silly ADD node_modules/mime-db
418 silly ADD node_modules/mime
419 silly ADD node_modules/lru-memoizer
420 silly ADD node_modules/lru-memoizer/node_modules/yallist
421 silly ADD node_modules/lru-memoizer/node_modules/lru-cache
422 silly ADD node_modules/lodash.once
423 silly ADD node_modules/lodash.isstring
424 silly ADD node_modules/lodash.isplainobject
425 silly ADD node_modules/lodash.isnumber
426 silly ADD node_modules/lodash.isinteger
427 silly ADD node_modules/lodash.isboolean
428 silly ADD node_modules/lodash.includes
429 silly ADD node_modules/lodash.clonedeep
430 silly ADD node_modules/limiter
431 silly ADD node_modules/jws
432 silly ADD node_modules/jwks-rsa
433 silly ADD node_modules/jwa
434 silly ADD node_modules/jsonwebtoken
435 silly ADD node_modules/jsonwebtoken/node_modules/semver
436 silly ADD node_modules/json-bigint
437 silly ADD node_modules/jose
438 silly ADD node_modules/is-stream
439 silly ADD node_modules/inherits
440 silly ADD node_modules/https-proxy-agent
441 silly ADD node_modules/http-proxy-agent
442 silly ADD node_modules/http-proxy-agent/node_modules/agent-base
443 silly ADD node_modules/html-entities
444 silly ADD node_modules/gtoken
445 silly ADD node_modules/google-logging-utils
446 silly ADD node_modules/google-gax
447 silly ADD node_modules/google-gax/node_modules/uuid
448 silly ADD node_modules/google-gax/node_modules/google-logging-utils
449 silly ADD node_modules/google-gax/node_modules/google-auth-library
450 silly ADD node_modules/google-gax/node_modules/gcp-metadata
451 silly ADD node_modules/google-gax/node_modules/@grpc/grpc-js
452 silly ADD node_modules/google-gax/node_modules/@grpc/grpc-js/node_modules/@grpc/proto-loader
453 silly ADD node_modules/google-auth-library
454 silly ADD node_modules/google-auth-library/node_modules/node-fetch
455 silly ADD node_modules/google-auth-library/node_modules/gaxios
456 silly ADD node_modules/gcp-metadata
457 silly ADD node_modules/gcp-metadata/node_modules/node-fetch
458 silly ADD node_modules/gcp-metadata/node_modules/gaxios
459 silly ADD node_modules/gaxios
460 silly ADD node_modules/gaxios/node_modules/uuid
461 silly ADD node_modules/functional-red-black-tree
462 silly ADD node_modules/formdata-polyfill
463 silly ADD node_modules/form-data
464 silly ADD node_modules/firebase-admin
465 silly ADD node_modules/fetch-blob
466 silly ADD node_modules/fast-xml-parser
467 silly ADD node_modules/fast-xml-builder
468 silly ADD node_modules/farmhash-modern
469 silly ADD node_modules/extend
470 silly ADD node_modules/event-target-shim
471 silly ADD node_modules/end-of-stream
472 silly ADD node_modules/ecdsa-sig-formatter
473 silly ADD node_modules/duplexify
474 silly ADD node_modules/delayed-stream
475 silly ADD node_modules/data-uri-to-buffer
476 silly ADD node_modules/combined-stream
477 silly ADD node_modules/buffer-equal-constant-time
478 silly ADD node_modules/bignumber.js
479 silly ADD node_modules/base64-js
480 silly ADD node_modules/asynckit
481 silly ADD node_modules/async-retry
482 silly ADD node_modules/arrify
483 silly ADD node_modules/agent-base
484 silly ADD node_modules/abort-controller
485 silly ADD node_modules/@types/tough-cookie
486 silly ADD node_modules/@types/request
487 silly ADD node_modules/@types/ms
488 silly ADD node_modules/@types/long
489 silly ADD node_modules/@types/jsonwebtoken
490 silly ADD node_modules/@types/caseless
491 silly ADD node_modules/@tootallnate/once
492 silly ADD node_modules/@opentelemetry/api
493 silly ADD node_modules/@nodable/entities
494 silly ADD node_modules/@js-sdsl/ordered-map
495 silly ADD node_modules/@google-cloud/storage
496 silly ADD node_modules/@google-cloud/storage/node_modules/uuid
497 silly ADD node_modules/@google-cloud/storage/node_modules/google-logging-utils
498 silly ADD node_modules/@google-cloud/storage/node_modules/google-auth-library
499 silly ADD node_modules/@google-cloud/storage/node_modules/gcp-metadata
500 silly ADD node_modules/@google-cloud/promisify
501 silly ADD node_modules/@google-cloud/projectify
502 silly ADD node_modules/@google-cloud/paginator
503 silly ADD node_modules/@google-cloud/firestore
504 silly ADD node_modules/@fastify/busboy
505 verbose cwd /Users/lifetae2021/Desktop/keylink
506 verbose os Darwin 24.6.0
507 verbose node v24.14.1
508 verbose npm  v11.11.0
509 notice
509 notice New [33mminor[39m version of npm available! [33m11.11.0[39m -> [34m11.12.1[39m
509 notice Changelog: [34mhttps://github.com/npm/cli/releases/tag/v11.12.1[39m
509 notice To update run: [4mnpm install -g npm@11.12.1[24m
509 notice  { force: true, Symbol(proc-log.meta): true }
510 verbose exit 0
511 info ok
